#
# There is insufficient memory for the Java Runtime Environment to continue.
# Native memory allocation (malloc) failed to allocate 48496 bytes for Chunk::new
# Possible reasons:
#   The system is out of physical RAM or swap space
#   The process is running with CompressedOops enabled, and the Java Heap may be blocking the growth of the native heap
# Possible solutions:
#   Reduce memory load on the system
#   Increase physical memory or swap space
#   Check if swap backing store is full
#   Decrease Java heap size (-Xmx/-Xms)
#   Decrease number of Java threads
#   Decrease Java thread stack sizes (-Xss)
#   Set larger code cache with -XX:ReservedCodeCacheSize=
#   JVM is running with Unscaled Compressed Oops mode in which the Java heap is
#     placed in the first 4GB address space. The Java Heap base address is the
#     maximum limit for the native heap growth. Please use -XX:HeapBaseMinAddress
#     to set the Java Heap base and to place the Java Heap above 4GB virtual address.
# This output file may be truncated or incomplete.
#
#  Out of Memory Error (arena.cpp:189), pid=5336, tid=9624
#
# JRE version: OpenJDK Runtime Environment Temurin-17.0.8.1+1 (17.0.8.1+1) (build 17.0.8.1+1)
# Java VM: OpenJDK 64-Bit Server VM Temurin-17.0.8.1+1 (17.0.8.1+1, mixed mode, tiered, compressed oops, compressed class ptrs, g1 gc, windows-amd64)
# No core dump will be written. Minidumps are not enabled by default on client versions of Windows
#

---------------  S U M M A R Y ------------

Command Line: --add-opens=java.base/java.util=ALL-UNNAMED -Dfile.encoding=UTF-8 -XX:+ShowCodeDetailsInExceptionMessages momot.search.batteryFMU

Host: AMD Ryzen 7 6800HS Creator Edition, 6 cores, 6G,  Windows 10 , 64 bit Build 19041 (10.0.19041.3636)
Time: Sat Jul  6 18:04:51 2024 Mitteleuropäische Sommerzeit elapsed time: 124.531038 seconds (0d 0h 2m 4s)

---------------  T H R E A D  ---------------

Current thread (0x0000023c681c3e10):  JavaThread "C2 CompilerThread0" daemon [_thread_in_native, id=9624, stack(0x000000dd39200000,0x000000dd39300000)]


Current CompileTask:
C2: 124531 7115  s    4       java.io.BufferedInputStream::read (113 bytes)

Stack: [0x000000dd39200000,0x000000dd39300000]
Native frames: (J=compiled Java code, j=interpreted, Vv=VM code, C=native code)
V  [jvm.dll+0x678b0a]
V  [jvm.dll+0x835e84]
V  [jvm.dll+0x83762e]
V  [jvm.dll+0x837c93]
V  [jvm.dll+0x24746f]
V  [jvm.dll+0xac20c]
V  [jvm.dll+0xac7dc]
V  [jvm.dll+0x562dd3]
V  [jvm.dll+0x3301d0]
V  [jvm.dll+0x32f64a]
V  [jvm.dll+0x219bf1]
V  [jvm.dll+0x219011]
V  [jvm.dll+0x1a534d]
V  [jvm.dll+0x228d8a]
V  [jvm.dll+0x226dcc]
V  [jvm.dll+0x7ec09b]
V  [jvm.dll+0x7e64ca]
V  [jvm.dll+0x677955]
C  [ucrtbase.dll+0x21bb2]
C  [KERNEL32.DLL+0x17344]
C  [ntdll.dll+0x4cc91]


---------------  P R O C E S S  ---------------

Threads class SMR info:
_java_thread_list=0x0000023c6d968280, length=13, elements={
0x0000023c4ee2a9c0, 0x0000023c6805b010, 0x0000023c6805baa0, 0x0000023c6806e340,
0x0000023c6806e820, 0x0000023c681bf110, 0x0000023c681c3600, 0x0000023c681c3e10,
0x0000023c681c84b0, 0x0000023c681ca9e0, 0x0000023c68349a20, 0x0000023c6834bf10,
0x0000023c68668e50
}

Java Threads: ( => current thread )
  0x0000023c4ee2a9c0 JavaThread "main" [_thread_in_native, id=7440, stack(0x000000dd38500000,0x000000dd38600000)]
  0x0000023c6805b010 JavaThread "Reference Handler" daemon [_thread_blocked, id=1324, stack(0x000000dd38c00000,0x000000dd38d00000)]
  0x0000023c6805baa0 JavaThread "Finalizer" daemon [_thread_blocked, id=9384, stack(0x000000dd38d00000,0x000000dd38e00000)]
  0x0000023c6806e340 JavaThread "Signal Dispatcher" daemon [_thread_blocked, id=10124, stack(0x000000dd38e00000,0x000000dd38f00000)]
  0x0000023c6806e820 JavaThread "Attach Listener" daemon [_thread_blocked, id=10332, stack(0x000000dd38f00000,0x000000dd39000000)]
  0x0000023c681bf110 JavaThread "Service Thread" daemon [_thread_blocked, id=7980, stack(0x000000dd39000000,0x000000dd39100000)]
  0x0000023c681c3600 JavaThread "Monitor Deflation Thread" daemon [_thread_blocked, id=6944, stack(0x000000dd39100000,0x000000dd39200000)]
=>0x0000023c681c3e10 JavaThread "C2 CompilerThread0" daemon [_thread_in_native, id=9624, stack(0x000000dd39200000,0x000000dd39300000)]
  0x0000023c681c84b0 JavaThread "C1 CompilerThread0" daemon [_thread_blocked, id=8352, stack(0x000000dd39300000,0x000000dd39400000)]
  0x0000023c681ca9e0 JavaThread "Sweeper thread" daemon [_thread_blocked, id=9468, stack(0x000000dd39400000,0x000000dd39500000)]
  0x0000023c68349a20 JavaThread "Common-Cleaner" daemon [_thread_blocked, id=8776, stack(0x000000dd39500000,0x000000dd39600000)]
  0x0000023c6834bf10 JavaThread "Notification Thread" daemon [_thread_blocked, id=9136, stack(0x000000dd39600000,0x000000dd39700000)]
  0x0000023c68668e50 JavaThread "EMF Reference Cleaner" daemon [_thread_blocked, id=1532, stack(0x000000dd39900000,0x000000dd39a00000)]

Other Threads:
  0x0000023c68037ad0 VMThread "VM Thread" [stack: 0x000000dd38b00000,0x000000dd38c00000] [id=5868]
  0x0000023c6834c3f0 WatcherThread [stack: 0x000000dd39700000,0x000000dd39800000] [id=9148]
  0x0000023c4ee7d9f0 GCTaskThread "GC Thread#0" [stack: 0x000000dd38600000,0x000000dd38700000] [id=7932]
  0x0000023c68b530a0 GCTaskThread "GC Thread#1" [stack: 0x000000dd39a00000,0x000000dd39b00000] [id=9396]
  0x0000023c6d174410 GCTaskThread "GC Thread#2" [stack: 0x000000dd39b00000,0x000000dd39c00000] [id=10444]
  0x0000023c6d1746d0 GCTaskThread "GC Thread#3" [stack: 0x000000dd39c00000,0x000000dd39d00000] [id=2336]
  0x0000023c68b71e70 GCTaskThread "GC Thread#4" [stack: 0x000000dd39d00000,0x000000dd39e00000] [id=10536]
  0x0000023c68b72130 GCTaskThread "GC Thread#5" [stack: 0x000000dd39e00000,0x000000dd39f00000] [id=5116]
  0x0000023c4ee8c700 ConcurrentGCThread "G1 Main Marker" [stack: 0x000000dd38700000,0x000000dd38800000] [id=12240]
  0x0000023c4ee8d8b0 ConcurrentGCThread "G1 Conc#0" [stack: 0x000000dd38800000,0x000000dd38900000] [id=3880]
  0x0000023c6d8d2e90 ConcurrentGCThread "G1 Conc#1" [stack: 0x000000dd3a000000,0x000000dd3a100000] [id=11668]
  0x0000023c67e924b0 ConcurrentGCThread "G1 Refine#0" [stack: 0x000000dd38900000,0x000000dd38a00000] [id=9884]
  0x0000023c68c83eb0 ConcurrentGCThread "G1 Refine#1" [stack: 0x000000dd39f00000,0x000000dd3a000000] [id=9164]
  0x0000023c67e92af0 ConcurrentGCThread "G1 Service" [stack: 0x000000dd38a00000,0x000000dd38b00000] [id=12196]

Threads with active compile tasks:
C2 CompilerThread0   124539 7115  s    4       java.io.BufferedInputStream::read (113 bytes)

VM state: not at safepoint (normal execution)

VM Mutex/Monitor currently owned by a thread: None

Heap address: 0x0000000091200000, size: 1774 MB, Compressed Oops mode: 32-bit

CDS archive(s) not mapped
Compressed class space mapped at: 0x0000000100000000-0x0000000140000000, reserved size: 1073741824
Narrow klass base: 0x0000000000000000, Narrow klass shift: 3, Narrow klass range: 0x140000000

GC Precious Log:
 CPUs: 6 total, 6 available
 Memory: 7091M
 Large Page Support: Disabled
 NUMA Support: Disabled
 Compressed Oops: Enabled (32-bit)
 Heap Region Size: 1M
 Heap Min Capacity: 8M
 Heap Initial Capacity: 112M
 Heap Max Capacity: 1774M
 Pre-touch: Disabled
 Parallel Workers: 6
 Concurrent Workers: 2
 Concurrent Refinement Workers: 6
 Periodic GC: Disabled

Heap:
 garbage-first heap   total 254976K, used 157399K [0x0000000091200000, 0x0000000100000000)
  region size 1024K, 118 young (120832K), 3 survivors (3072K)
 Metaspace       used 32813K, committed 33408K, reserved 1114112K
  class space    used 3440K, committed 3712K, reserved 1048576K

Heap Regions: E=young(eden), S=young(survivor), O=old, HS=humongous(starts), HC=humongous(continues), CS=collection set, F=free, OA=open archive, CA=closed archive, TAMS=top-at-mark-start (previous, next)
|   0|0x0000000091200000, 0x0000000091300000, 0x0000000091300000|100%| O|  |TAMS 0x0000000091300000, 0x0000000091200000| Untracked 
|   1|0x0000000091300000, 0x0000000091400000, 0x0000000091400000|100%| O|  |TAMS 0x0000000091400000, 0x0000000091300000| Untracked 
|   2|0x0000000091400000, 0x0000000091500000, 0x0000000091500000|100%| O|  |TAMS 0x0000000091500000, 0x0000000091400000| Untracked 
|   3|0x0000000091500000, 0x0000000091600000, 0x0000000091600000|100%| O|  |TAMS 0x0000000091600000, 0x0000000091500000| Untracked 
|   4|0x0000000091600000, 0x0000000091700000, 0x0000000091700000|100%| O|  |TAMS 0x0000000091600000, 0x0000000091600000| Untracked 
|   5|0x0000000091700000, 0x0000000091800000, 0x0000000091800000|100%| O|  |TAMS 0x0000000091800000, 0x0000000091700000| Untracked 
|   6|0x0000000091800000, 0x0000000091900000, 0x0000000091900000|100%| O|  |TAMS 0x0000000091900000, 0x0000000091800000| Untracked 
|   7|0x0000000091900000, 0x00000000919dde00, 0x0000000091a00000| 86%| O|  |TAMS 0x00000000919dde00, 0x0000000091900000| Untracked 
|   8|0x0000000091a00000, 0x0000000091b00000, 0x0000000091b00000|100%| O|  |TAMS 0x0000000091a00000, 0x0000000091a00000| Untracked 
|   9|0x0000000091b00000, 0x0000000091c00000, 0x0000000091c00000|100%| O|  |TAMS 0x0000000091b00000, 0x0000000091b00000| Untracked 
|  10|0x0000000091c00000, 0x0000000091d00000, 0x0000000091d00000|100%| O|  |TAMS 0x0000000091c00000, 0x0000000091c00000| Untracked 
|  11|0x0000000091d00000, 0x0000000091e00000, 0x0000000091e00000|100%| O|  |TAMS 0x0000000091d00000, 0x0000000091d00000| Untracked 
|  12|0x0000000091e00000, 0x0000000091f00000, 0x0000000091f00000|100%| O|  |TAMS 0x0000000091e00000, 0x0000000091e00000| Untracked 
|  13|0x0000000091f00000, 0x0000000092000000, 0x0000000092000000|100%| O|  |TAMS 0x0000000091f00000, 0x0000000091f00000| Untracked 
|  14|0x0000000092000000, 0x0000000092100000, 0x0000000092100000|100%| O|  |TAMS 0x0000000092000000, 0x0000000092000000| Untracked 
|  15|0x0000000092100000, 0x0000000092200000, 0x0000000092200000|100%| O|  |TAMS 0x0000000092100000, 0x0000000092100000| Untracked 
|  16|0x0000000092200000, 0x0000000092300000, 0x0000000092300000|100%| O|  |TAMS 0x0000000092200000, 0x0000000092200000| Untracked 
|  17|0x0000000092300000, 0x0000000092400000, 0x0000000092400000|100%| O|  |TAMS 0x0000000092300000, 0x0000000092300000| Untracked 
|  18|0x0000000092400000, 0x0000000092500000, 0x0000000092500000|100%|HS|  |TAMS 0x0000000092400000, 0x0000000092400000| Complete 
|  19|0x0000000092500000, 0x0000000092600000, 0x0000000092600000|100%| O|  |TAMS 0x0000000092500000, 0x0000000092500000| Untracked 
|  20|0x0000000092600000, 0x0000000092700000, 0x0000000092700000|100%| O|  |TAMS 0x0000000092600000, 0x0000000092600000| Untracked 
|  21|0x0000000092700000, 0x0000000092800000, 0x0000000092800000|100%| O|  |TAMS 0x0000000092700000, 0x0000000092700000| Untracked 
|  22|0x0000000092800000, 0x0000000092900000, 0x0000000092900000|100%| O|  |TAMS 0x0000000092800000, 0x0000000092800000| Untracked 
|  23|0x0000000092900000, 0x0000000092900000, 0x0000000092a00000|  0%| F|  |TAMS 0x0000000092900000, 0x0000000092900000| Untracked 
|  24|0x0000000092a00000, 0x0000000092b00000, 0x0000000092b00000|100%| O|  |TAMS 0x0000000092a00000, 0x0000000092a00000| Untracked 
|  25|0x0000000092b00000, 0x0000000092b84800, 0x0000000092c00000| 51%| O|  |TAMS 0x0000000092b00000, 0x0000000092b00000| Untracked 
|  26|0x0000000092c00000, 0x0000000092c00000, 0x0000000092d00000|  0%| F|  |TAMS 0x0000000092c00000, 0x0000000092c00000| Untracked 
|  27|0x0000000092d00000, 0x0000000092e00000, 0x0000000092e00000|100%| O|  |TAMS 0x0000000092d00000, 0x0000000092d00000| Untracked 
|  28|0x0000000092e00000, 0x0000000092e00000, 0x0000000092f00000|  0%| F|  |TAMS 0x0000000092e00000, 0x0000000092e00000| Untracked 
|  29|0x0000000092f00000, 0x0000000093000000, 0x0000000093000000|100%| O|  |TAMS 0x0000000092f00000, 0x0000000092f00000| Untracked 
|  30|0x0000000093000000, 0x0000000093100000, 0x0000000093100000|100%| O|  |TAMS 0x0000000093000000, 0x0000000093000000| Untracked 
|  31|0x0000000093100000, 0x0000000093200000, 0x0000000093200000|100%| O|  |TAMS 0x0000000093100000, 0x0000000093100000| Untracked 
|  32|0x0000000093200000, 0x0000000093300000, 0x0000000093300000|100%| O|  |TAMS 0x0000000093200000, 0x0000000093200000| Untracked 
|  33|0x0000000093300000, 0x0000000093400000, 0x0000000093400000|100%| O|  |TAMS 0x0000000093300000, 0x0000000093300000| Untracked 
|  34|0x0000000093400000, 0x0000000093500000, 0x0000000093500000|100%| O|  |TAMS 0x0000000093400000, 0x0000000093400000| Untracked 
|  35|0x0000000093500000, 0x0000000093600000, 0x0000000093600000|100%| O|  |TAMS 0x0000000093500000, 0x0000000093500000| Untracked 
|  36|0x0000000093600000, 0x0000000093700000, 0x0000000093700000|100%| O|  |TAMS 0x0000000093600000, 0x0000000093600000| Untracked 
|  37|0x0000000093700000, 0x0000000093800000, 0x0000000093800000|100%| O|  |TAMS 0x0000000093700000, 0x0000000093700000| Untracked 
|  38|0x0000000093800000, 0x0000000093900000, 0x0000000093900000|100%| O|  |TAMS 0x0000000093800000, 0x0000000093800000| Untracked 
|  39|0x0000000093900000, 0x0000000093a00000, 0x0000000093a00000|100%| O|  |TAMS 0x0000000093900000, 0x0000000093900000| Untracked 
|  40|0x0000000093a00000, 0x0000000093b00000, 0x0000000093b00000|100%| O|  |TAMS 0x0000000093a00000, 0x0000000093a00000| Untracked 
|  41|0x0000000093b00000, 0x0000000093c00000, 0x0000000093c00000|100%| O|  |TAMS 0x0000000093b00000, 0x0000000093b00000| Untracked 
|  42|0x0000000093c00000, 0x0000000093c00000, 0x0000000093d00000|  0%| F|  |TAMS 0x0000000093c00000, 0x0000000093c00000| Untracked 
|  43|0x0000000093d00000, 0x0000000093d00000, 0x0000000093e00000|  0%| F|  |TAMS 0x0000000093d00000, 0x0000000093d00000| Untracked 
|  44|0x0000000093e00000, 0x0000000093e00000, 0x0000000093f00000|  0%| F|  |TAMS 0x0000000093e00000, 0x0000000093e00000| Untracked 
|  45|0x0000000093f00000, 0x0000000093f00000, 0x0000000094000000|  0%| F|  |TAMS 0x0000000093f00000, 0x0000000093f00000| Untracked 
|  46|0x0000000094000000, 0x0000000094000000, 0x0000000094100000|  0%| F|  |TAMS 0x0000000094000000, 0x0000000094000000| Untracked 
|  47|0x0000000094100000, 0x0000000094100000, 0x0000000094200000|  0%| F|  |TAMS 0x0000000094100000, 0x0000000094100000| Untracked 
|  48|0x0000000094200000, 0x0000000094200000, 0x0000000094300000|  0%| F|  |TAMS 0x0000000094200000, 0x0000000094200000| Untracked 
|  49|0x0000000094300000, 0x0000000094300000, 0x0000000094400000|  0%| F|  |TAMS 0x0000000094300000, 0x0000000094300000| Untracked 
|  50|0x0000000094400000, 0x0000000094400000, 0x0000000094500000|  0%| F|  |TAMS 0x0000000094400000, 0x0000000094400000| Untracked 
|  51|0x0000000094500000, 0x0000000094500000, 0x0000000094600000|  0%| F|  |TAMS 0x0000000094500000, 0x0000000094500000| Untracked 
|  52|0x0000000094600000, 0x0000000094600000, 0x0000000094700000|  0%| F|  |TAMS 0x0000000094600000, 0x0000000094600000| Untracked 
|  53|0x0000000094700000, 0x0000000094700000, 0x0000000094800000|  0%| F|  |TAMS 0x0000000094700000, 0x0000000094700000| Untracked 
|  54|0x0000000094800000, 0x0000000094800000, 0x0000000094900000|  0%| F|  |TAMS 0x0000000094800000, 0x0000000094800000| Untracked 
|  55|0x0000000094900000, 0x0000000094900000, 0x0000000094a00000|  0%| F|  |TAMS 0x0000000094900000, 0x0000000094900000| Untracked 
|  56|0x0000000094a00000, 0x0000000094a00000, 0x0000000094b00000|  0%| F|  |TAMS 0x0000000094a00000, 0x0000000094a00000| Untracked 
|  57|0x0000000094b00000, 0x0000000094b00000, 0x0000000094c00000|  0%| F|  |TAMS 0x0000000094b00000, 0x0000000094b00000| Untracked 
|  58|0x0000000094c00000, 0x0000000094c00000, 0x0000000094d00000|  0%| F|  |TAMS 0x0000000094c00000, 0x0000000094c00000| Untracked 
|  59|0x0000000094d00000, 0x0000000094d00000, 0x0000000094e00000|  0%| F|  |TAMS 0x0000000094d00000, 0x0000000094d00000| Untracked 
|  60|0x0000000094e00000, 0x0000000094e00000, 0x0000000094f00000|  0%| F|  |TAMS 0x0000000094e00000, 0x0000000094e00000| Untracked 
|  61|0x0000000094f00000, 0x0000000094f00000, 0x0000000095000000|  0%| F|  |TAMS 0x0000000094f00000, 0x0000000094f00000| Untracked 
|  62|0x0000000095000000, 0x0000000095000000, 0x0000000095100000|  0%| F|  |TAMS 0x0000000095000000, 0x0000000095000000| Untracked 
|  63|0x0000000095100000, 0x0000000095100000, 0x0000000095200000|  0%| F|  |TAMS 0x0000000095100000, 0x0000000095100000| Untracked 
|  64|0x0000000095200000, 0x0000000095200000, 0x0000000095300000|  0%| F|  |TAMS 0x0000000095200000, 0x0000000095200000| Untracked 
|  65|0x0000000095300000, 0x0000000095300000, 0x0000000095400000|  0%| F|  |TAMS 0x0000000095300000, 0x0000000095300000| Untracked 
|  66|0x0000000095400000, 0x0000000095400000, 0x0000000095500000|  0%| F|  |TAMS 0x0000000095400000, 0x0000000095400000| Untracked 
|  67|0x0000000095500000, 0x0000000095500000, 0x0000000095600000|  0%| F|  |TAMS 0x0000000095500000, 0x0000000095500000| Untracked 
|  68|0x0000000095600000, 0x0000000095600000, 0x0000000095700000|  0%| F|  |TAMS 0x0000000095600000, 0x0000000095600000| Untracked 
|  69|0x0000000095700000, 0x0000000095700000, 0x0000000095800000|  0%| F|  |TAMS 0x0000000095700000, 0x0000000095700000| Untracked 
|  70|0x0000000095800000, 0x0000000095800000, 0x0000000095900000|  0%| F|  |TAMS 0x0000000095800000, 0x0000000095800000| Untracked 
|  71|0x0000000095900000, 0x0000000095900000, 0x0000000095a00000|  0%| F|  |TAMS 0x0000000095900000, 0x0000000095900000| Untracked 
|  72|0x0000000095a00000, 0x0000000095a00000, 0x0000000095b00000|  0%| F|  |TAMS 0x0000000095a00000, 0x0000000095a00000| Untracked 
|  73|0x0000000095b00000, 0x0000000095b00000, 0x0000000095c00000|  0%| F|  |TAMS 0x0000000095b00000, 0x0000000095b00000| Untracked 
|  74|0x0000000095c00000, 0x0000000095c00000, 0x0000000095d00000|  0%| F|  |TAMS 0x0000000095c00000, 0x0000000095c00000| Untracked 
|  75|0x0000000095d00000, 0x0000000095d00000, 0x0000000095e00000|  0%| F|  |TAMS 0x0000000095d00000, 0x0000000095d00000| Untracked 
|  76|0x0000000095e00000, 0x0000000095e00000, 0x0000000095f00000|  0%| F|  |TAMS 0x0000000095e00000, 0x0000000095e00000| Untracked 
|  77|0x0000000095f00000, 0x0000000095f00000, 0x0000000096000000|  0%| F|  |TAMS 0x0000000095f00000, 0x0000000095f00000| Untracked 
|  78|0x0000000096000000, 0x0000000096000000, 0x0000000096100000|  0%| F|  |TAMS 0x0000000096000000, 0x0000000096000000| Untracked 
|  79|0x0000000096100000, 0x0000000096100000, 0x0000000096200000|  0%| F|  |TAMS 0x0000000096100000, 0x0000000096100000| Untracked 
|  80|0x0000000096200000, 0x0000000096200000, 0x0000000096300000|  0%| F|  |TAMS 0x0000000096200000, 0x0000000096200000| Untracked 
|  81|0x0000000096300000, 0x0000000096300000, 0x0000000096400000|  0%| F|  |TAMS 0x0000000096300000, 0x0000000096300000| Untracked 
|  82|0x0000000096400000, 0x0000000096400000, 0x0000000096500000|  0%| F|  |TAMS 0x0000000096400000, 0x0000000096400000| Untracked 
|  83|0x0000000096500000, 0x0000000096500000, 0x0000000096600000|  0%| F|  |TAMS 0x0000000096500000, 0x0000000096500000| Untracked 
|  84|0x0000000096600000, 0x0000000096600000, 0x0000000096700000|  0%| F|  |TAMS 0x0000000096600000, 0x0000000096600000| Untracked 
|  85|0x0000000096700000, 0x0000000096700000, 0x0000000096800000|  0%| F|  |TAMS 0x0000000096700000, 0x0000000096700000| Untracked 
|  86|0x0000000096800000, 0x0000000096800000, 0x0000000096900000|  0%| F|  |TAMS 0x0000000096800000, 0x0000000096800000| Untracked 
|  87|0x0000000096900000, 0x0000000096900000, 0x0000000096a00000|  0%| F|  |TAMS 0x0000000096900000, 0x0000000096900000| Untracked 
|  88|0x0000000096a00000, 0x0000000096a00000, 0x0000000096b00000|  0%| F|  |TAMS 0x0000000096a00000, 0x0000000096a00000| Untracked 
|  89|0x0000000096b00000, 0x0000000096b00000, 0x0000000096c00000|  0%| F|  |TAMS 0x0000000096b00000, 0x0000000096b00000| Untracked 
|  90|0x0000000096c00000, 0x0000000096c00000, 0x0000000096d00000|  0%| F|  |TAMS 0x0000000096c00000, 0x0000000096c00000| Untracked 
|  91|0x0000000096d00000, 0x0000000096d00000, 0x0000000096e00000|  0%| F|  |TAMS 0x0000000096d00000, 0x0000000096d00000| Untracked 
|  92|0x0000000096e00000, 0x0000000096e00000, 0x0000000096f00000|  0%| F|  |TAMS 0x0000000096e00000, 0x0000000096e00000| Untracked 
|  93|0x0000000096f00000, 0x0000000096f00000, 0x0000000097000000|  0%| F|  |TAMS 0x0000000096f00000, 0x0000000096f00000| Untracked 
|  94|0x0000000097000000, 0x0000000097000000, 0x0000000097100000|  0%| F|  |TAMS 0x0000000097000000, 0x0000000097000000| Untracked 
|  95|0x0000000097100000, 0x0000000097100000, 0x0000000097200000|  0%| F|  |TAMS 0x0000000097100000, 0x0000000097100000| Untracked 
|  96|0x0000000097200000, 0x0000000097200000, 0x0000000097300000|  0%| F|  |TAMS 0x0000000097200000, 0x0000000097200000| Untracked 
|  97|0x0000000097300000, 0x0000000097353640, 0x0000000097400000| 32%| S|CS|TAMS 0x0000000097300000, 0x0000000097300000| Complete 
|  98|0x0000000097400000, 0x0000000097500000, 0x0000000097500000|100%| S|CS|TAMS 0x0000000097400000, 0x0000000097400000| Complete 
|  99|0x0000000097500000, 0x0000000097600000, 0x0000000097600000|100%| S|CS|TAMS 0x0000000097500000, 0x0000000097500000| Complete 
| 100|0x0000000097600000, 0x0000000097600000, 0x0000000097700000|  0%| F|  |TAMS 0x0000000097600000, 0x0000000097600000| Untracked 
| 101|0x0000000097700000, 0x0000000097700000, 0x0000000097800000|  0%| F|  |TAMS 0x0000000097700000, 0x0000000097700000| Untracked 
| 102|0x0000000097800000, 0x0000000097800000, 0x0000000097900000|  0%| F|  |TAMS 0x0000000097800000, 0x0000000097800000| Untracked 
| 103|0x0000000097900000, 0x0000000097900000, 0x0000000097a00000|  0%| F|  |TAMS 0x0000000097900000, 0x0000000097900000| Untracked 
| 104|0x0000000097a00000, 0x0000000097a00000, 0x0000000097b00000|  0%| F|  |TAMS 0x0000000097a00000, 0x0000000097a00000| Untracked 
| 105|0x0000000097b00000, 0x0000000097b00000, 0x0000000097c00000|  0%| F|  |TAMS 0x0000000097b00000, 0x0000000097b00000| Untracked 
| 106|0x0000000097c00000, 0x0000000097c00000, 0x0000000097d00000|  0%| F|  |TAMS 0x0000000097c00000, 0x0000000097c00000| Untracked 
| 107|0x0000000097d00000, 0x0000000097d00000, 0x0000000097e00000|  0%| F|  |TAMS 0x0000000097d00000, 0x0000000097d00000| Untracked 
| 108|0x0000000097e00000, 0x0000000097e00000, 0x0000000097f00000|  0%| F|  |TAMS 0x0000000097e00000, 0x0000000097e00000| Untracked 
| 109|0x0000000097f00000, 0x0000000097f00000, 0x0000000098000000|  0%| F|  |TAMS 0x0000000097f00000, 0x0000000097f00000| Untracked 
| 110|0x0000000098000000, 0x0000000098000000, 0x0000000098100000|  0%| F|  |TAMS 0x0000000098000000, 0x0000000098000000| Untracked 
| 111|0x0000000098100000, 0x0000000098100000, 0x0000000098200000|  0%| F|  |TAMS 0x0000000098100000, 0x0000000098100000| Untracked 
| 112|0x0000000098200000, 0x0000000098200000, 0x0000000098300000|  0%| F|  |TAMS 0x0000000098200000, 0x0000000098200000| Untracked 
| 113|0x0000000098300000, 0x0000000098300000, 0x0000000098400000|  0%| F|  |TAMS 0x0000000098300000, 0x0000000098300000| Untracked 
| 114|0x0000000098400000, 0x0000000098400000, 0x0000000098500000|  0%| F|  |TAMS 0x0000000098400000, 0x0000000098400000| Untracked 
| 115|0x0000000098500000, 0x0000000098500000, 0x0000000098600000|  0%| F|  |TAMS 0x0000000098500000, 0x0000000098500000| Untracked 
| 116|0x0000000098600000, 0x0000000098600000, 0x0000000098700000|  0%| F|  |TAMS 0x0000000098600000, 0x0000000098600000| Untracked 
| 117|0x0000000098700000, 0x0000000098700000, 0x0000000098800000|  0%| F|  |TAMS 0x0000000098700000, 0x0000000098700000| Untracked 
| 118|0x0000000098800000, 0x0000000098800000, 0x0000000098900000|  0%| F|  |TAMS 0x0000000098800000, 0x0000000098800000| Untracked 
| 119|0x0000000098900000, 0x0000000098900000, 0x0000000098a00000|  0%| F|  |TAMS 0x0000000098900000, 0x0000000098900000| Untracked 
| 120|0x0000000098a00000, 0x0000000098a00000, 0x0000000098b00000|  0%| F|  |TAMS 0x0000000098a00000, 0x0000000098a00000| Untracked 
| 121|0x0000000098b00000, 0x0000000098b00000, 0x0000000098c00000|  0%| F|  |TAMS 0x0000000098b00000, 0x0000000098b00000| Untracked 
| 122|0x0000000098c00000, 0x0000000098c00000, 0x0000000098d00000|  0%| F|  |TAMS 0x0000000098c00000, 0x0000000098c00000| Untracked 
| 123|0x0000000098d00000, 0x0000000098d00000, 0x0000000098e00000|  0%| F|  |TAMS 0x0000000098d00000, 0x0000000098d00000| Untracked 
| 124|0x0000000098e00000, 0x0000000098e00000, 0x0000000098f00000|  0%| F|  |TAMS 0x0000000098e00000, 0x0000000098e00000| Untracked 
| 125|0x0000000098f00000, 0x0000000098f00000, 0x0000000099000000|  0%| F|  |TAMS 0x0000000098f00000, 0x0000000098f00000| Untracked 
| 126|0x0000000099000000, 0x0000000099000000, 0x0000000099100000|  0%| F|  |TAMS 0x0000000099000000, 0x0000000099000000| Untracked 
| 127|0x0000000099100000, 0x0000000099100000, 0x0000000099200000|  0%| F|  |TAMS 0x0000000099100000, 0x0000000099100000| Untracked 
| 128|0x0000000099200000, 0x0000000099200000, 0x0000000099300000|  0%| F|  |TAMS 0x0000000099200000, 0x0000000099200000| Untracked 
| 129|0x0000000099300000, 0x0000000099300000, 0x0000000099400000|  0%| F|  |TAMS 0x0000000099300000, 0x0000000099300000| Untracked 
| 130|0x0000000099400000, 0x0000000099400000, 0x0000000099500000|  0%| F|  |TAMS 0x0000000099400000, 0x0000000099400000| Untracked 
| 131|0x0000000099500000, 0x0000000099500000, 0x0000000099600000|  0%| F|  |TAMS 0x0000000099500000, 0x0000000099500000| Untracked 
| 132|0x0000000099600000, 0x0000000099600000, 0x0000000099700000|  0%| F|  |TAMS 0x0000000099600000, 0x0000000099600000| Untracked 
| 133|0x0000000099700000, 0x0000000099700000, 0x0000000099800000|  0%| F|  |TAMS 0x0000000099700000, 0x0000000099700000| Untracked 
| 134|0x0000000099800000, 0x0000000099881258, 0x0000000099900000| 50%| E|  |TAMS 0x0000000099800000, 0x0000000099800000| Complete 
| 135|0x0000000099900000, 0x0000000099a00000, 0x0000000099a00000|100%| E|CS|TAMS 0x0000000099900000, 0x0000000099900000| Complete 
| 136|0x0000000099a00000, 0x0000000099b00000, 0x0000000099b00000|100%| E|CS|TAMS 0x0000000099a00000, 0x0000000099a00000| Complete 
| 137|0x0000000099b00000, 0x0000000099c00000, 0x0000000099c00000|100%| E|CS|TAMS 0x0000000099b00000, 0x0000000099b00000| Complete 
| 138|0x0000000099c00000, 0x0000000099d00000, 0x0000000099d00000|100%| E|CS|TAMS 0x0000000099c00000, 0x0000000099c00000| Complete 
| 139|0x0000000099d00000, 0x0000000099e00000, 0x0000000099e00000|100%| E|CS|TAMS 0x0000000099d00000, 0x0000000099d00000| Complete 
| 140|0x0000000099e00000, 0x0000000099f00000, 0x0000000099f00000|100%| E|CS|TAMS 0x0000000099e00000, 0x0000000099e00000| Complete 
| 141|0x0000000099f00000, 0x000000009a000000, 0x000000009a000000|100%| E|CS|TAMS 0x0000000099f00000, 0x0000000099f00000| Complete 
| 142|0x000000009a000000, 0x000000009a100000, 0x000000009a100000|100%| E|CS|TAMS 0x000000009a000000, 0x000000009a000000| Complete 
| 143|0x000000009a100000, 0x000000009a200000, 0x000000009a200000|100%| E|CS|TAMS 0x000000009a100000, 0x000000009a100000| Complete 
| 144|0x000000009a200000, 0x000000009a300000, 0x000000009a300000|100%| E|CS|TAMS 0x000000009a200000, 0x000000009a200000| Complete 
| 145|0x000000009a300000, 0x000000009a400000, 0x000000009a400000|100%| E|CS|TAMS 0x000000009a300000, 0x000000009a300000| Complete 
| 146|0x000000009a400000, 0x000000009a500000, 0x000000009a500000|100%| E|CS|TAMS 0x000000009a400000, 0x000000009a400000| Complete 
| 147|0x000000009a500000, 0x000000009a600000, 0x000000009a600000|100%| E|CS|TAMS 0x000000009a500000, 0x000000009a500000| Complete 
| 148|0x000000009a600000, 0x000000009a700000, 0x000000009a700000|100%| E|CS|TAMS 0x000000009a600000, 0x000000009a600000| Complete 
| 149|0x000000009a700000, 0x000000009a800000, 0x000000009a800000|100%| E|CS|TAMS 0x000000009a700000, 0x000000009a700000| Complete 
| 150|0x000000009a800000, 0x000000009a900000, 0x000000009a900000|100%| E|CS|TAMS 0x000000009a800000, 0x000000009a800000| Complete 
| 151|0x000000009a900000, 0x000000009aa00000, 0x000000009aa00000|100%| E|CS|TAMS 0x000000009a900000, 0x000000009a900000| Complete 
| 152|0x000000009aa00000, 0x000000009ab00000, 0x000000009ab00000|100%| E|CS|TAMS 0x000000009aa00000, 0x000000009aa00000| Complete 
| 153|0x000000009ab00000, 0x000000009ac00000, 0x000000009ac00000|100%| E|CS|TAMS 0x000000009ab00000, 0x000000009ab00000| Complete 
| 154|0x000000009ac00000, 0x000000009ad00000, 0x000000009ad00000|100%| E|CS|TAMS 0x000000009ac00000, 0x000000009ac00000| Complete 
| 155|0x000000009ad00000, 0x000000009ae00000, 0x000000009ae00000|100%| E|CS|TAMS 0x000000009ad00000, 0x000000009ad00000| Complete 
| 156|0x000000009ae00000, 0x000000009af00000, 0x000000009af00000|100%| E|CS|TAMS 0x000000009ae00000, 0x000000009ae00000| Complete 
| 157|0x000000009af00000, 0x000000009b000000, 0x000000009b000000|100%| E|CS|TAMS 0x000000009af00000, 0x000000009af00000| Complete 
| 158|0x000000009b000000, 0x000000009b100000, 0x000000009b100000|100%| E|CS|TAMS 0x000000009b000000, 0x000000009b000000| Complete 
| 159|0x000000009b100000, 0x000000009b200000, 0x000000009b200000|100%| E|CS|TAMS 0x000000009b100000, 0x000000009b100000| Complete 
| 160|0x000000009b200000, 0x000000009b300000, 0x000000009b300000|100%| E|CS|TAMS 0x000000009b200000, 0x000000009b200000| Complete 
| 161|0x000000009b300000, 0x000000009b400000, 0x000000009b400000|100%| E|CS|TAMS 0x000000009b300000, 0x000000009b300000| Complete 
| 162|0x000000009b400000, 0x000000009b500000, 0x000000009b500000|100%| E|CS|TAMS 0x000000009b400000, 0x000000009b400000| Complete 
| 163|0x000000009b500000, 0x000000009b600000, 0x000000009b600000|100%| E|CS|TAMS 0x000000009b500000, 0x000000009b500000| Complete 
| 164|0x000000009b600000, 0x000000009b700000, 0x000000009b700000|100%| E|CS|TAMS 0x000000009b600000, 0x000000009b600000| Complete 
| 165|0x000000009b700000, 0x000000009b800000, 0x000000009b800000|100%| E|CS|TAMS 0x000000009b700000, 0x000000009b700000| Complete 
| 166|0x000000009b800000, 0x000000009b900000, 0x000000009b900000|100%| E|CS|TAMS 0x000000009b800000, 0x000000009b800000| Complete 
| 167|0x000000009b900000, 0x000000009ba00000, 0x000000009ba00000|100%| E|CS|TAMS 0x000000009b900000, 0x000000009b900000| Complete 
| 168|0x000000009ba00000, 0x000000009bb00000, 0x000000009bb00000|100%| E|CS|TAMS 0x000000009ba00000, 0x000000009ba00000| Complete 
| 169|0x000000009bb00000, 0x000000009bc00000, 0x000000009bc00000|100%| E|CS|TAMS 0x000000009bb00000, 0x000000009bb00000| Complete 
| 170|0x000000009bc00000, 0x000000009bd00000, 0x000000009bd00000|100%| E|CS|TAMS 0x000000009bc00000, 0x000000009bc00000| Complete 
| 171|0x000000009bd00000, 0x000000009be00000, 0x000000009be00000|100%| E|  |TAMS 0x000000009bd00000, 0x000000009bd00000| Complete 
| 172|0x000000009be00000, 0x000000009bf00000, 0x000000009bf00000|100%| E|CS|TAMS 0x000000009be00000, 0x000000009be00000| Complete 
| 173|0x000000009bf00000, 0x000000009c000000, 0x000000009c000000|100%| E|CS|TAMS 0x000000009bf00000, 0x000000009bf00000| Complete 
| 174|0x000000009c000000, 0x000000009c100000, 0x000000009c100000|100%| E|CS|TAMS 0x000000009c000000, 0x000000009c000000| Complete 
| 175|0x000000009c100000, 0x000000009c200000, 0x000000009c200000|100%| E|CS|TAMS 0x000000009c100000, 0x000000009c100000| Complete 
| 176|0x000000009c200000, 0x000000009c300000, 0x000000009c300000|100%| E|CS|TAMS 0x000000009c200000, 0x000000009c200000| Complete 
| 177|0x000000009c300000, 0x000000009c400000, 0x000000009c400000|100%| E|CS|TAMS 0x000000009c300000, 0x000000009c300000| Complete 
| 178|0x000000009c400000, 0x000000009c500000, 0x000000009c500000|100%| E|CS|TAMS 0x000000009c400000, 0x000000009c400000| Complete 
| 179|0x000000009c500000, 0x000000009c600000, 0x000000009c600000|100%| E|CS|TAMS 0x000000009c500000, 0x000000009c500000| Complete 
| 180|0x000000009c600000, 0x000000009c700000, 0x000000009c700000|100%| E|CS|TAMS 0x000000009c600000, 0x000000009c600000| Complete 
| 181|0x000000009c700000, 0x000000009c800000, 0x000000009c800000|100%| E|CS|TAMS 0x000000009c700000, 0x000000009c700000| Complete 
| 182|0x000000009c800000, 0x000000009c900000, 0x000000009c900000|100%| E|CS|TAMS 0x000000009c800000, 0x000000009c800000| Complete 
| 183|0x000000009c900000, 0x000000009ca00000, 0x000000009ca00000|100%| E|CS|TAMS 0x000000009c900000, 0x000000009c900000| Complete 
| 184|0x000000009ca00000, 0x000000009cb00000, 0x000000009cb00000|100%| E|CS|TAMS 0x000000009ca00000, 0x000000009ca00000| Complete 
| 185|0x000000009cb00000, 0x000000009cc00000, 0x000000009cc00000|100%| E|CS|TAMS 0x000000009cb00000, 0x000000009cb00000| Complete 
| 186|0x000000009cc00000, 0x000000009cd00000, 0x000000009cd00000|100%| E|CS|TAMS 0x000000009cc00000, 0x000000009cc00000| Complete 
| 187|0x000000009cd00000, 0x000000009ce00000, 0x000000009ce00000|100%| E|CS|TAMS 0x000000009cd00000, 0x000000009cd00000| Complete 
| 188|0x000000009ce00000, 0x000000009cf00000, 0x000000009cf00000|100%| E|CS|TAMS 0x000000009ce00000, 0x000000009ce00000| Complete 
| 189|0x000000009cf00000, 0x000000009d000000, 0x000000009d000000|100%| E|CS|TAMS 0x000000009cf00000, 0x000000009cf00000| Complete 
| 190|0x000000009d000000, 0x000000009d100000, 0x000000009d100000|100%| E|CS|TAMS 0x000000009d000000, 0x000000009d000000| Complete 
| 191|0x000000009d100000, 0x000000009d200000, 0x000000009d200000|100%| E|CS|TAMS 0x000000009d100000, 0x000000009d100000| Complete 
| 192|0x000000009d200000, 0x000000009d300000, 0x000000009d300000|100%| E|CS|TAMS 0x000000009d200000, 0x000000009d200000| Complete 
| 193|0x000000009d300000, 0x000000009d400000, 0x000000009d400000|100%| E|CS|TAMS 0x000000009d300000, 0x000000009d300000| Complete 
| 194|0x000000009d400000, 0x000000009d500000, 0x000000009d500000|100%| E|CS|TAMS 0x000000009d400000, 0x000000009d400000| Complete 
| 195|0x000000009d500000, 0x000000009d600000, 0x000000009d600000|100%| E|CS|TAMS 0x000000009d500000, 0x000000009d500000| Complete 
| 196|0x000000009d600000, 0x000000009d700000, 0x000000009d700000|100%| E|CS|TAMS 0x000000009d600000, 0x000000009d600000| Complete 
| 197|0x000000009d700000, 0x000000009d800000, 0x000000009d800000|100%| E|CS|TAMS 0x000000009d700000, 0x000000009d700000| Complete 
| 198|0x000000009d800000, 0x000000009d900000, 0x000000009d900000|100%| E|CS|TAMS 0x000000009d800000, 0x000000009d800000| Complete 
| 199|0x000000009d900000, 0x000000009da00000, 0x000000009da00000|100%| E|CS|TAMS 0x000000009d900000, 0x000000009d900000| Complete 
| 200|0x000000009da00000, 0x000000009db00000, 0x000000009db00000|100%| E|CS|TAMS 0x000000009da00000, 0x000000009da00000| Complete 
| 201|0x000000009db00000, 0x000000009dc00000, 0x000000009dc00000|100%| E|CS|TAMS 0x000000009db00000, 0x000000009db00000| Complete 
| 202|0x000000009dc00000, 0x000000009dd00000, 0x000000009dd00000|100%| E|CS|TAMS 0x000000009dc00000, 0x000000009dc00000| Complete 
| 203|0x000000009dd00000, 0x000000009de00000, 0x000000009de00000|100%| E|CS|TAMS 0x000000009dd00000, 0x000000009dd00000| Complete 
| 204|0x000000009de00000, 0x000000009df00000, 0x000000009df00000|100%| E|CS|TAMS 0x000000009de00000, 0x000000009de00000| Complete 
| 205|0x000000009df00000, 0x000000009e000000, 0x000000009e000000|100%| E|CS|TAMS 0x000000009df00000, 0x000000009df00000| Complete 
| 206|0x000000009e000000, 0x000000009e100000, 0x000000009e100000|100%| E|CS|TAMS 0x000000009e000000, 0x000000009e000000| Complete 
| 207|0x000000009e100000, 0x000000009e200000, 0x000000009e200000|100%| E|CS|TAMS 0x000000009e100000, 0x000000009e100000| Complete 
| 208|0x000000009e200000, 0x000000009e300000, 0x000000009e300000|100%| E|CS|TAMS 0x000000009e200000, 0x000000009e200000| Complete 
| 209|0x000000009e300000, 0x000000009e400000, 0x000000009e400000|100%| E|CS|TAMS 0x000000009e300000, 0x000000009e300000| Complete 
| 210|0x000000009e400000, 0x000000009e500000, 0x000000009e500000|100%| E|CS|TAMS 0x000000009e400000, 0x000000009e400000| Complete 
| 211|0x000000009e500000, 0x000000009e600000, 0x000000009e600000|100%| E|CS|TAMS 0x000000009e500000, 0x000000009e500000| Complete 
| 212|0x000000009e600000, 0x000000009e700000, 0x000000009e700000|100%| E|CS|TAMS 0x000000009e600000, 0x000000009e600000| Complete 
| 213|0x000000009e700000, 0x000000009e800000, 0x000000009e800000|100%| E|CS|TAMS 0x000000009e700000, 0x000000009e700000| Complete 
| 214|0x000000009e800000, 0x000000009e900000, 0x000000009e900000|100%| E|CS|TAMS 0x000000009e800000, 0x000000009e800000| Complete 
| 215|0x000000009e900000, 0x000000009ea00000, 0x000000009ea00000|100%| E|CS|TAMS 0x000000009e900000, 0x000000009e900000| Complete 
| 216|0x000000009ea00000, 0x000000009eb00000, 0x000000009eb00000|100%| E|CS|TAMS 0x000000009ea00000, 0x000000009ea00000| Complete 
| 217|0x000000009eb00000, 0x000000009ec00000, 0x000000009ec00000|100%| E|CS|TAMS 0x000000009eb00000, 0x000000009eb00000| Complete 
| 218|0x000000009ec00000, 0x000000009ed00000, 0x000000009ed00000|100%| E|CS|TAMS 0x000000009ec00000, 0x000000009ec00000| Complete 
| 219|0x000000009ed00000, 0x000000009ee00000, 0x000000009ee00000|100%| E|CS|TAMS 0x000000009ed00000, 0x000000009ed00000| Complete 
| 220|0x000000009ee00000, 0x000000009ef00000, 0x000000009ef00000|100%| E|CS|TAMS 0x000000009ee00000, 0x000000009ee00000| Complete 
| 221|0x000000009ef00000, 0x000000009f000000, 0x000000009f000000|100%| E|CS|TAMS 0x000000009ef00000, 0x000000009ef00000| Complete 
| 222|0x000000009f000000, 0x000000009f100000, 0x000000009f100000|100%| E|CS|TAMS 0x000000009f000000, 0x000000009f000000| Complete 
| 223|0x000000009f100000, 0x000000009f200000, 0x000000009f200000|100%| E|CS|TAMS 0x000000009f100000, 0x000000009f100000| Complete 
| 224|0x000000009f200000, 0x000000009f300000, 0x000000009f300000|100%| E|CS|TAMS 0x000000009f200000, 0x000000009f200000| Complete 
| 225|0x000000009f300000, 0x000000009f400000, 0x000000009f400000|100%| E|CS|TAMS 0x000000009f300000, 0x000000009f300000| Complete 
| 226|0x000000009f400000, 0x000000009f500000, 0x000000009f500000|100%| E|CS|TAMS 0x000000009f400000, 0x000000009f400000| Complete 
| 227|0x000000009f500000, 0x000000009f600000, 0x000000009f600000|100%| E|CS|TAMS 0x000000009f500000, 0x000000009f500000| Complete 
| 228|0x000000009f600000, 0x000000009f700000, 0x000000009f700000|100%| E|CS|TAMS 0x000000009f600000, 0x000000009f600000| Complete 
| 229|0x000000009f700000, 0x000000009f800000, 0x000000009f800000|100%| E|CS|TAMS 0x000000009f700000, 0x000000009f700000| Complete 
| 230|0x000000009f800000, 0x000000009f900000, 0x000000009f900000|100%| E|CS|TAMS 0x000000009f800000, 0x000000009f800000| Complete 
| 231|0x000000009f900000, 0x000000009fa00000, 0x000000009fa00000|100%| E|CS|TAMS 0x000000009f900000, 0x000000009f900000| Complete 
| 232|0x000000009fa00000, 0x000000009fb00000, 0x000000009fb00000|100%| E|CS|TAMS 0x000000009fa00000, 0x000000009fa00000| Complete 
| 233|0x000000009fb00000, 0x000000009fc00000, 0x000000009fc00000|100%| E|CS|TAMS 0x000000009fb00000, 0x000000009fb00000| Complete 
| 234|0x000000009fc00000, 0x000000009fd00000, 0x000000009fd00000|100%| E|CS|TAMS 0x000000009fc00000, 0x000000009fc00000| Complete 
| 235|0x000000009fd00000, 0x000000009fe00000, 0x000000009fe00000|100%| E|CS|TAMS 0x000000009fd00000, 0x000000009fd00000| Complete 
| 236|0x000000009fe00000, 0x000000009ff00000, 0x000000009ff00000|100%| E|CS|TAMS 0x000000009fe00000, 0x000000009fe00000| Complete 
| 237|0x000000009ff00000, 0x00000000a0000000, 0x00000000a0000000|100%| E|CS|TAMS 0x000000009ff00000, 0x000000009ff00000| Complete 
| 238|0x00000000a0000000, 0x00000000a0100000, 0x00000000a0100000|100%| E|CS|TAMS 0x00000000a0000000, 0x00000000a0000000| Complete 
| 239|0x00000000a0100000, 0x00000000a0200000, 0x00000000a0200000|100%| E|CS|TAMS 0x00000000a0100000, 0x00000000a0100000| Complete 
| 240|0x00000000a0200000, 0x00000000a0300000, 0x00000000a0300000|100%| E|CS|TAMS 0x00000000a0200000, 0x00000000a0200000| Complete 
| 241|0x00000000a0300000, 0x00000000a0400000, 0x00000000a0400000|100%| E|CS|TAMS 0x00000000a0300000, 0x00000000a0300000| Complete 
| 242|0x00000000a0400000, 0x00000000a0500000, 0x00000000a0500000|100%| E|CS|TAMS 0x00000000a0400000, 0x00000000a0400000| Complete 
| 243|0x00000000a0500000, 0x00000000a0600000, 0x00000000a0600000|100%| E|CS|TAMS 0x00000000a0500000, 0x00000000a0500000| Complete 
| 244|0x00000000a0600000, 0x00000000a0700000, 0x00000000a0700000|100%| E|CS|TAMS 0x00000000a0600000, 0x00000000a0600000| Complete 
| 245|0x00000000a0700000, 0x00000000a0800000, 0x00000000a0800000|100%| E|CS|TAMS 0x00000000a0700000, 0x00000000a0700000| Complete 
| 246|0x00000000a0800000, 0x00000000a0900000, 0x00000000a0900000|100%| E|CS|TAMS 0x00000000a0800000, 0x00000000a0800000| Complete 
| 247|0x00000000a0900000, 0x00000000a0a00000, 0x00000000a0a00000|100%| E|CS|TAMS 0x00000000a0900000, 0x00000000a0900000| Complete 
| 248|0x00000000a0a00000, 0x00000000a0b00000, 0x00000000a0b00000|100%| E|CS|TAMS 0x00000000a0a00000, 0x00000000a0a00000| Complete 

Card table byte_map: [0x0000023c61970000,0x0000023c61cf0000] _byte_map_base: 0x0000023c614e7000

Marking Bits (Prev, Next): (CMBitMap*) 0x0000023c4ee7e050, (CMBitMap*) 0x0000023c4ee7e010
 Prev Bits: [0x0000023c63c30000, 0x0000023c657e8000)
 Next Bits: [0x0000023c62070000, 0x0000023c63c28000)

Polling page: 0x0000023c4cdc0000

Metaspace:

Usage:
  Non-class:     28.68 MB used.
      Class:      3.36 MB used.
       Both:     32.04 MB used.

Virtual space:
  Non-class space:       64.00 MB reserved,      29.00 MB ( 45%) committed,  1 nodes.
      Class space:        1.00 GB reserved,       3.62 MB ( <1%) committed,  1 nodes.
             Both:        1.06 GB reserved,      32.62 MB (  3%) committed. 

Chunk freelists:
   Non-Class:  2.46 MB
       Class:  12.20 MB
        Both:  14.65 MB

MaxMetaspaceSize: unlimited
CompressedClassSpaceSize: 1.00 GB
Initial GC threshold: 21.00 MB
Current GC threshold: 35.12 MB
CDS: off
MetaspaceReclaimPolicy: balanced
 - commit_granule_bytes: 65536.
 - commit_granule_words: 8192.
 - virtual_space_node_default_size: 8388608.
 - enlarge_chunks_in_place: 1.
 - new_chunks_are_fully_committed: 0.
 - uncommit_free_chunks: 1.
 - use_allocation_guard: 0.
 - handle_deallocations: 1.


Internal statistics:

num_allocs_failed_limit: 3.
num_arena_births: 790.
num_arena_deaths: 0.
num_vsnodes_births: 2.
num_vsnodes_deaths: 0.
num_space_committed: 522.
num_space_uncommitted: 0.
num_chunks_returned_to_freelist: 3.
num_chunks_taken_from_freelist: 1554.
num_chunk_merges: 3.
num_chunk_splits: 1035.
num_chunks_enlarged: 692.
num_inconsistent_stats: 0.

CodeHeap 'non-profiled nmethods': size=120000Kb used=5851Kb max_used=5875Kb free=114149Kb
 bounds [0x0000023c59fb0000, 0x0000023c5a570000, 0x0000023c614e0000]
CodeHeap 'profiled nmethods': size=120000Kb used=10673Kb max_used=12133Kb free=109327Kb
 bounds [0x0000023c524e0000, 0x0000023c530c0000, 0x0000023c59a10000]
CodeHeap 'non-nmethods': size=5760Kb used=1281Kb max_used=1330Kb free=4478Kb
 bounds [0x0000023c59a10000, 0x0000023c59c80000, 0x0000023c59fb0000]
 total_blobs=6423 nmethods=5823 adapters=510
 compilation: enabled
              stopped_count=0, restarted_count=0
 full_count=0

Compilation events (20 events):
Event: 62.608 Thread 0x0000023c681c84b0 7106  s    3       java.lang.invoke.MethodTypeForm::setCachedLambdaForm (44 bytes)
Event: 62.608 Thread 0x0000023c681c84b0 nmethod 7106 0x0000023c530b4e10 code [0x0000023c530b5020, 0x0000023c530b5928]
Event: 62.609 Thread 0x0000023c681c84b0 7107       3       java.lang.invoke.InvokerBytecodeGenerator::generateCustomizedCode (34 bytes)
Event: 62.609 Thread 0x0000023c681c84b0 nmethod 7107 0x0000023c530b5b90 code [0x0000023c530b5dc0, 0x0000023c530b62f8]
Event: 62.609 Thread 0x0000023c681c84b0 7108       3       jdk.internal.org.objectweb.asm.ClassWriter::visit (160 bytes)
Event: 62.610 Thread 0x0000023c681c84b0 nmethod 7108 0x0000023c530b6590 code [0x0000023c530b67c0, 0x0000023c530b6ff8]
Event: 62.610 Thread 0x0000023c681c84b0 7109       3       jdk.internal.org.objectweb.asm.SymbolTable::setMajorVersionAndClassName (19 bytes)
Event: 62.610 Thread 0x0000023c681c84b0 nmethod 7109 0x0000023c530b7410 code [0x0000023c530b75c0, 0x0000023c530b77c8]
Event: 62.611 Thread 0x0000023c681c84b0 7111       3       java.lang.invoke.TypeConvertingMethodAdapter::convertType (299 bytes)
Event: 62.613 Thread 0x0000023c681c84b0 nmethod 7111 0x0000023c530b7910 code [0x0000023c530b7f40, 0x0000023c530bb448]
Event: 62.651 Thread 0x0000023c681c3e10 nmethod 7100 0x0000023c5a562810 code [0x0000023c5a562c80, 0x0000023c5a5680c0]
Event: 62.652 Thread 0x0000023c681c3e10 7101       4       jdk.internal.math.FloatingDecimal$BinaryToASCIIBuffer::getChars (502 bytes)
Event: 62.660 Thread 0x0000023c681c3e10 nmethod 7101 0x0000023c5a56b810 code [0x0000023c5a56b9e0, 0x0000023c5a56c4f8]
Event: 124.468 Thread 0x0000023c681c84b0 7113       3       java.io.BufferedReader::readLine (7 bytes)
Event: 124.468 Thread 0x0000023c681c84b0 nmethod 7113 0x0000023c52545290 code [0x0000023c52545440, 0x0000023c52545588]
Event: 124.519 Thread 0x0000023c681c84b0 7114   !   3       java.io.BufferedReader::readLine (327 bytes)
Event: 124.519 Thread 0x0000023c681c3e10 7115  s    4       java.io.BufferedInputStream::read (113 bytes)
Event: 124.521 Thread 0x0000023c681c84b0 nmethod 7114 0x0000023c52cf5f90 code [0x0000023c52cf62a0, 0x0000023c52cf7598]
Event: 124.521 Thread 0x0000023c681c84b0 7116       3       java.io.FileInputStream::available (5 bytes)
Event: 124.522 Thread 0x0000023c681c84b0 nmethod 7116 0x0000023c5257af10 code [0x0000023c5257b0a0, 0x0000023c5257b1e8]

GC Heap History (20 events):
Event: 60.572 GC heap before
{Heap before GC invocations=200 (full 0):
 garbage-first heap   total 254976K, used 190748K [0x0000000091200000, 0x0000000100000000)
  region size 1024K, 149 young (152576K), 2 survivors (2048K)
 Metaspace       used 32611K, committed 33216K, reserved 1114112K
  class space    used 3420K, committed 3648K, reserved 1048576K
}
Event: 60.574 GC heap after
{Heap after GC invocations=201 (full 0):
 garbage-first heap   total 254976K, used 41312K [0x0000000091200000, 0x0000000100000000)
  region size 1024K, 4 young (4096K), 4 survivors (4096K)
 Metaspace       used 32611K, committed 33216K, reserved 1114112K
  class space    used 3420K, committed 3648K, reserved 1048576K
}
Event: 60.754 GC heap before
{Heap before GC invocations=201 (full 0):
 garbage-first heap   total 254976K, used 190816K [0x0000000091200000, 0x0000000100000000)
  region size 1024K, 149 young (152576K), 4 survivors (4096K)
 Metaspace       used 32622K, committed 33216K, reserved 1114112K
  class space    used 3420K, committed 3648K, reserved 1048576K
}
Event: 60.756 GC heap after
{Heap after GC invocations=202 (full 0):
 garbage-first heap   total 254976K, used 41284K [0x0000000091200000, 0x0000000100000000)
  region size 1024K, 4 young (4096K), 4 survivors (4096K)
 Metaspace       used 32622K, committed 33216K, reserved 1114112K
  class space    used 3420K, committed 3648K, reserved 1048576K
}
Event: 60.952 GC heap before
{Heap before GC invocations=202 (full 0):
 garbage-first heap   total 254976K, used 190788K [0x0000000091200000, 0x0000000100000000)
  region size 1024K, 149 young (152576K), 4 survivors (4096K)
 Metaspace       used 32622K, committed 33216K, reserved 1114112K
  class space    used 3420K, committed 3648K, reserved 1048576K
}
Event: 60.955 GC heap after
{Heap after GC invocations=203 (full 0):
 garbage-first heap   total 254976K, used 41468K [0x0000000091200000, 0x0000000100000000)
  region size 1024K, 4 young (4096K), 4 survivors (4096K)
 Metaspace       used 32622K, committed 33216K, reserved 1114112K
  class space    used 3420K, committed 3648K, reserved 1048576K
}
Event: 61.202 GC heap before
{Heap before GC invocations=203 (full 0):
 garbage-first heap   total 254976K, used 191996K [0x0000000091200000, 0x0000000100000000)
  region size 1024K, 149 young (152576K), 4 survivors (4096K)
 Metaspace       used 32623K, committed 33216K, reserved 1114112K
  class space    used 3420K, committed 3648K, reserved 1048576K
}
Event: 61.206 GC heap after
{Heap after GC invocations=204 (full 0):
 garbage-first heap   total 254976K, used 44146K [0x0000000091200000, 0x0000000100000000)
  region size 1024K, 6 young (6144K), 6 survivors (6144K)
 Metaspace       used 32623K, committed 33216K, reserved 1114112K
  class space    used 3420K, committed 3648K, reserved 1048576K
}
Event: 61.404 GC heap before
{Heap before GC invocations=204 (full 0):
 garbage-first heap   total 254976K, used 191602K [0x0000000091200000, 0x0000000100000000)
  region size 1024K, 149 young (152576K), 6 survivors (6144K)
 Metaspace       used 32624K, committed 33216K, reserved 1114112K
  class space    used 3420K, committed 3648K, reserved 1048576K
}
Event: 61.407 GC heap after
{Heap after GC invocations=205 (full 0):
 garbage-first heap   total 254976K, used 41695K [0x0000000091200000, 0x0000000100000000)
  region size 1024K, 4 young (4096K), 4 survivors (4096K)
 Metaspace       used 32624K, committed 33216K, reserved 1114112K
  class space    used 3420K, committed 3648K, reserved 1048576K
}
Event: 61.590 GC heap before
{Heap before GC invocations=205 (full 0):
 garbage-first heap   total 254976K, used 191199K [0x0000000091200000, 0x0000000100000000)
  region size 1024K, 149 young (152576K), 4 survivors (4096K)
 Metaspace       used 32624K, committed 33216K, reserved 1114112K
  class space    used 3420K, committed 3648K, reserved 1048576K
}
Event: 61.593 GC heap after
{Heap after GC invocations=206 (full 0):
 garbage-first heap   total 254976K, used 41577K [0x0000000091200000, 0x0000000100000000)
  region size 1024K, 4 young (4096K), 4 survivors (4096K)
 Metaspace       used 32624K, committed 33216K, reserved 1114112K
  class space    used 3420K, committed 3648K, reserved 1048576K
}
Event: 61.817 GC heap before
{Heap before GC invocations=206 (full 0):
 garbage-first heap   total 254976K, used 192105K [0x0000000091200000, 0x0000000100000000)
  region size 1024K, 149 young (152576K), 4 survivors (4096K)
 Metaspace       used 32627K, committed 33216K, reserved 1114112K
  class space    used 3420K, committed 3648K, reserved 1048576K
}
Event: 61.820 GC heap after
{Heap after GC invocations=207 (full 0):
 garbage-first heap   total 254976K, used 42055K [0x0000000091200000, 0x0000000100000000)
  region size 1024K, 4 young (4096K), 4 survivors (4096K)
 Metaspace       used 32627K, committed 33216K, reserved 1114112K
  class space    used 3420K, committed 3648K, reserved 1048576K
}
Event: 62.035 GC heap before
{Heap before GC invocations=207 (full 0):
 garbage-first heap   total 254976K, used 191559K [0x0000000091200000, 0x0000000100000000)
  region size 1024K, 149 young (152576K), 4 survivors (4096K)
 Metaspace       used 32629K, committed 33216K, reserved 1114112K
  class space    used 3420K, committed 3648K, reserved 1048576K
}
Event: 62.037 GC heap after
{Heap after GC invocations=208 (full 0):
 garbage-first heap   total 254976K, used 41790K [0x0000000091200000, 0x0000000100000000)
  region size 1024K, 4 young (4096K), 4 survivors (4096K)
 Metaspace       used 32629K, committed 33216K, reserved 1114112K
  class space    used 3420K, committed 3648K, reserved 1048576K
}
Event: 62.199 GC heap before
{Heap before GC invocations=208 (full 0):
 garbage-first heap   total 254976K, used 191294K [0x0000000091200000, 0x0000000100000000)
  region size 1024K, 149 young (152576K), 4 survivors (4096K)
 Metaspace       used 32629K, committed 33216K, reserved 1114112K
  class space    used 3420K, committed 3648K, reserved 1048576K
}
Event: 62.203 GC heap after
{Heap after GC invocations=209 (full 0):
 garbage-first heap   total 254976K, used 41767K [0x0000000091200000, 0x0000000100000000)
  region size 1024K, 4 young (4096K), 4 survivors (4096K)
 Metaspace       used 32629K, committed 33216K, reserved 1114112K
  class space    used 3420K, committed 3648K, reserved 1048576K
}
Event: 62.416 GC heap before
{Heap before GC invocations=209 (full 0):
 garbage-first heap   total 254976K, used 192295K [0x0000000091200000, 0x0000000100000000)
  region size 1024K, 149 young (152576K), 4 survivors (4096K)
 Metaspace       used 32629K, committed 33216K, reserved 1114112K
  class space    used 3420K, committed 3648K, reserved 1048576K
}
Event: 62.418 GC heap after
{Heap after GC invocations=210 (full 0):
 garbage-first heap   total 254976K, used 40663K [0x0000000091200000, 0x0000000100000000)
  region size 1024K, 3 young (3072K), 3 survivors (3072K)
 Metaspace       used 32629K, committed 33216K, reserved 1114112K
  class space    used 3420K, committed 3648K, reserved 1048576K
}

Dll operation events (7 events):
Event: 0.006 Loaded shared library C:\Users\vmmor\.p2\pool\plugins\org.eclipse.justj.openjdk.hotspot.jre.full.win32.x86_64_17.0.8.v20230831-1047\jre\bin\java.dll
Event: 0.146 Loaded shared library C:\Users\vmmor\.p2\pool\plugins\org.eclipse.justj.openjdk.hotspot.jre.full.win32.x86_64_17.0.8.v20230831-1047\jre\bin\net.dll
Event: 0.147 Loaded shared library C:\Users\vmmor\.p2\pool\plugins\org.eclipse.justj.openjdk.hotspot.jre.full.win32.x86_64_17.0.8.v20230831-1047\jre\bin\nio.dll
Event: 0.152 Loaded shared library C:\Users\vmmor\.p2\pool\plugins\org.eclipse.justj.openjdk.hotspot.jre.full.win32.x86_64_17.0.8.v20230831-1047\jre\bin\zip.dll
Event: 0.299 Loaded shared library C:\Users\vmmor\.p2\pool\plugins\org.eclipse.justj.openjdk.hotspot.jre.full.win32.x86_64_17.0.8.v20230831-1047\jre\bin\jimage.dll
Event: 0.358 Loaded shared library C:\Users\vmmor\.p2\pool\plugins\org.eclipse.justj.openjdk.hotspot.jre.full.win32.x86_64_17.0.8.v20230831-1047\jre\bin\verify.dll
Event: 2.379 Loaded shared library C:\Users\vmmor\AppData\Local\Temp\fmi4j_dll3769210193096327284\fmi4j-import.dll

Deoptimization events (20 events):
Event: 90.054 Thread 0x0000023c4ee2a9c0 Uncommon trap: trap_request=0xffffffde fr.pc=0x0000023c5a14b704 relative=0x0000000000001064
Event: 90.054 Thread 0x0000023c4ee2a9c0 Uncommon trap: reason=class_check action=maybe_recompile pc=0x0000023c5a14b704 method=java.io.BufferedInputStream.read1([BII)I @ 39 c2
Event: 90.054 Thread 0x0000023c4ee2a9c0 DEOPT PACKING pc=0x0000023c5a14b704 sp=0x000000dd385fef60
Event: 90.054 Thread 0x0000023c4ee2a9c0 DEOPT UNPACKING pc=0x0000023c59a669a3 sp=0x000000dd385feea8 mode 2
Event: 117.173 Thread 0x0000023c68349a20 Uncommon trap: trap_request=0xffffff45 fr.pc=0x0000023c5a42d858 relative=0x0000000000000998
Event: 117.173 Thread 0x0000023c68349a20 Uncommon trap: reason=unstable_if action=reinterpret pc=0x0000023c5a42d858 method=java.lang.ref.ReferenceQueue.remove(J)Ljava/lang/ref/Reference; @ 70 c2
Event: 117.173 Thread 0x0000023c68349a20 DEOPT PACKING pc=0x0000023c5a42d858 sp=0x000000dd395ff470
Event: 117.173 Thread 0x0000023c68349a20 DEOPT UNPACKING pc=0x0000023c59a669a3 sp=0x000000dd395ff408 mode 2
Event: 124.392 Thread 0x0000023c4ee2a9c0 Uncommon trap: trap_request=0xffffffde fr.pc=0x0000023c5a14b704 relative=0x0000000000001064
Event: 124.392 Thread 0x0000023c4ee2a9c0 Uncommon trap: reason=class_check action=maybe_recompile pc=0x0000023c5a14b704 method=java.io.BufferedInputStream.read1([BII)I @ 39 c2
Event: 124.392 Thread 0x0000023c4ee2a9c0 DEOPT PACKING pc=0x0000023c5a14b704 sp=0x000000dd385fef60
Event: 124.393 Thread 0x0000023c4ee2a9c0 DEOPT UNPACKING pc=0x0000023c59a669a3 sp=0x000000dd385feea8 mode 2
Event: 124.396 Thread 0x0000023c4ee2a9c0 Uncommon trap: trap_request=0xffffffde fr.pc=0x0000023c5a14b704 relative=0x0000000000001064
Event: 124.396 Thread 0x0000023c4ee2a9c0 Uncommon trap: reason=class_check action=maybe_recompile pc=0x0000023c5a14b704 method=java.io.BufferedInputStream.read1([BII)I @ 39 c2
Event: 124.396 Thread 0x0000023c4ee2a9c0 DEOPT PACKING pc=0x0000023c5a14b704 sp=0x000000dd385fef60
Event: 124.396 Thread 0x0000023c4ee2a9c0 DEOPT UNPACKING pc=0x0000023c59a669a3 sp=0x000000dd385feea8 mode 2
Event: 124.400 Thread 0x0000023c4ee2a9c0 Uncommon trap: trap_request=0xffffffde fr.pc=0x0000023c5a141530 relative=0x00000000000006f0
Event: 124.400 Thread 0x0000023c4ee2a9c0 Uncommon trap: reason=class_check action=maybe_recompile pc=0x0000023c5a141530 method=java.io.BufferedInputStream.read1([BII)I @ 39 c2
Event: 124.400 Thread 0x0000023c4ee2a9c0 DEOPT PACKING pc=0x0000023c5a141530 sp=0x000000dd385feec0
Event: 124.400 Thread 0x0000023c4ee2a9c0 DEOPT UNPACKING pc=0x0000023c59a669a3 sp=0x000000dd385fee98 mode 2

Classes unloaded (0 events):
No events

Classes redefined (0 events):
No events

Internal exceptions (20 events):
Event: 17.095 Thread 0x0000023c4ee2a9c0 Exception <a 'java/lang/ClassCastException'{0x000000009ac79a70}> (0x000000009ac79a70) 
thrown [s\src\hotspot\share\runtime\sharedRuntime.cpp, line 628]
Event: 17.149 Thread 0x0000023c4ee2a9c0 Exception <a 'java/lang/ClassCastException'{0x0000000099589d10}> (0x0000000099589d10) 
thrown [s\src\hotspot\share\runtime\sharedRuntime.cpp, line 628]
Event: 17.207 Thread 0x0000023c4ee2a9c0 Exception <a 'java/lang/ClassCastException'{0x0000000097c999c0}> (0x0000000097c999c0) 
thrown [s\src\hotspot\share\runtime\sharedRuntime.cpp, line 628]
Event: 17.271 Thread 0x0000023c4ee2a9c0 Exception <a 'java/lang/ClassCastException'{0x000000009f8aad18}> (0x000000009f8aad18) 
thrown [s\src\hotspot\share\runtime\sharedRuntime.cpp, line 628]
Event: 17.327 Thread 0x0000023c4ee2a9c0 Exception <a 'java/lang/ClassCastException'{0x000000009e1bd908}> (0x000000009e1bd908) 
thrown [s\src\hotspot\share\runtime\sharedRuntime.cpp, line 628]
Event: 17.388 Thread 0x0000023c4ee2a9c0 Exception <a 'java/lang/ClassCastException'{0x000000009cad1338}> (0x000000009cad1338) 
thrown [s\src\hotspot\share\runtime\sharedRuntime.cpp, line 628]
Event: 17.468 Thread 0x0000023c4ee2a9c0 Exception <a 'java/lang/ClassCastException'{0x000000009b3e0eb0}> (0x000000009b3e0eb0) 
thrown [s\src\hotspot\share\runtime\sharedRuntime.cpp, line 628]
Event: 17.525 Thread 0x0000023c4ee2a9c0 Exception <a 'java/lang/ClassCastException'{0x0000000099cf12c0}> (0x0000000099cf12c0) 
thrown [s\src\hotspot\share\runtime\sharedRuntime.cpp, line 628]
Event: 39.167 Thread 0x0000023c4ee2a9c0 Implicit null exception at 0x0000023c5a4477e0 to 0x0000023c5a448b98
Event: 39.167 Thread 0x0000023c4ee2a9c0 Implicit null exception at 0x0000023c5a4477e0 to 0x0000023c5a448b98
Event: 39.167 Thread 0x0000023c4ee2a9c0 Implicit null exception at 0x0000023c5a4477e0 to 0x0000023c5a448b98
Event: 39.218 Thread 0x0000023c4ee2a9c0 Implicit null exception at 0x0000023c5a4477e0 to 0x0000023c5a448b98
Event: 57.031 Thread 0x0000023c4ee2a9c0 Implicit null exception at 0x0000023c5a4116f2 to 0x0000023c5a411d40
Event: 62.606 Thread 0x0000023c4ee2a9c0 Exception <a 'java/lang/NoSuchMethodError'{0x0000000099854dc0}: 'void java.lang.invoke.DirectMethodHandle$Holder.invokeStatic(java.lang.Object, long)'> (0x0000000099854dc0) 
thrown [s\src\hotspot\share\interpreter\linkResolver.cpp, line 759]
Event: 62.607 Thread 0x0000023c4ee2a9c0 Exception <a 'java/lang/NoSuchMethodError'{0x000000009985a168}: 'java.lang.Object java.lang.invoke.DirectMethodHandle$Holder.newInvokeSpecial(java.lang.Object, long)'> (0x000000009985a168) 
thrown [s\src\hotspot\share\interpreter\linkResolver.cpp, line 759]
Event: 62.611 Thread 0x0000023c4ee2a9c0 Exception <a 'java/lang/NoSuchMethodError'{0x0000000099861070}: 'java.lang.Object java.lang.invoke.DirectMethodHandle$Holder.invokeStatic(java.lang.Object, java.lang.Object, long, java.lang.Object)'> (0x0000000099861070) 
thrown [s\src\hotspot\share\interpreter\linkResolver.cpp, line 759]
Event: 62.611 Thread 0x0000023c4ee2a9c0 Exception <a 'java/lang/NoSuchMethodError'{0x0000000099864860}: 'java.lang.Object java.lang.invoke.DirectMethodHandle$Holder.invokeStaticInit(java.lang.Object, java.lang.Object, long, java.lang.Object)'> (0x0000000099864860) 
thrown [s\src\hotspot\share\interpreter\linkResolver.cpp, line 759]
Event: 62.611 Thread 0x0000023c4ee2a9c0 Exception <a 'java/lang/NoSuchMethodError'{0x000000009986abc8}: 'java.lang.Object java.lang.invoke.DirectMethodHandle$Holder.newInvokeSpecial(java.lang.Object, java.lang.Object, long)'> (0x000000009986abc8) 
thrown [s\src\hotspot\share\interpreter\linkResolver.cpp, line 759]
Event: 62.611 Thread 0x0000023c4ee2a9c0 Exception <a 'java/lang/NoSuchMethodError'{0x000000009986e608}: 'java.lang.Object java.lang.invoke.Invokers$Holder.linkToTargetMethod(java.lang.Object, long, java.lang.Object)'> (0x000000009986e608) 
thrown [s\src\hotspot\share\interpreter\linkResolver.cpp, line 759]
Event: 117.173 Thread 0x0000023c68349a20 Implicit null exception at 0x0000023c5a42cfbf to 0x0000023c5a42d84d

VM Operations (20 events):
Event: 61.817 Executing VM operation: G1CollectForAllocation
Event: 61.820 Executing VM operation: G1CollectForAllocation done
Event: 62.035 Executing VM operation: G1CollectForAllocation
Event: 62.037 Executing VM operation: G1CollectForAllocation done
Event: 62.199 Executing VM operation: G1CollectForAllocation
Event: 62.203 Executing VM operation: G1CollectForAllocation done
Event: 62.416 Executing VM operation: G1CollectForAllocation
Event: 62.418 Executing VM operation: G1CollectForAllocation done
Event: 62.614 Executing VM operation: HandshakeAllThreads
Event: 62.614 Executing VM operation: HandshakeAllThreads done
Event: 63.614 Executing VM operation: Cleanup
Event: 63.614 Executing VM operation: Cleanup done
Event: 90.054 Executing VM operation: HandshakeAllThreads
Event: 90.054 Executing VM operation: HandshakeAllThreads done
Event: 90.054 Executing VM operation: Cleanup
Event: 90.054 Executing VM operation: Cleanup done
Event: 91.069 Executing VM operation: Cleanup
Event: 91.069 Executing VM operation: Cleanup done
Event: 124.396 Executing VM operation: HandshakeAllThreads
Event: 124.396 Executing VM operation: HandshakeAllThreads done

Events (20 events):
Event: 124.406 Thread 0x0000023c681ca9e0 flushing nmethod 0x0000023c52e16f10
Event: 124.406 Thread 0x0000023c681ca9e0 flushing nmethod 0x0000023c52e1fc10
Event: 124.406 Thread 0x0000023c681ca9e0 flushing nmethod 0x0000023c52e27890
Event: 124.406 Thread 0x0000023c681ca9e0 flushing nmethod 0x0000023c52e2e110
Event: 124.406 Thread 0x0000023c681ca9e0 flushing nmethod 0x0000023c52e36e90
Event: 124.406 Thread 0x0000023c681ca9e0 flushing nmethod 0x0000023c52e41090
Event: 124.406 Thread 0x0000023c681ca9e0 flushing nmethod 0x0000023c52e47c90
Event: 124.406 Thread 0x0000023c681ca9e0 flushing nmethod 0x0000023c52e48b90
Event: 124.406 Thread 0x0000023c681ca9e0 flushing nmethod 0x0000023c52e4a010
Event: 124.406 Thread 0x0000023c681ca9e0 flushing nmethod 0x0000023c52e61e90
Event: 124.406 Thread 0x0000023c681ca9e0 flushing nmethod 0x0000023c52e63790
Event: 124.407 Thread 0x0000023c681ca9e0 flushing nmethod 0x0000023c52e7c890
Event: 124.407 Thread 0x0000023c681ca9e0 flushing nmethod 0x0000023c52e92590
Event: 124.407 Thread 0x0000023c681ca9e0 flushing nmethod 0x0000023c52e9df90
Event: 124.407 Thread 0x0000023c681ca9e0 flushing nmethod 0x0000023c52e9f210
Event: 124.407 Thread 0x0000023c681ca9e0 flushing nmethod 0x0000023c52eb5310
Event: 124.407 Thread 0x0000023c681ca9e0 flushing nmethod 0x0000023c52ef9490
Event: 124.407 Thread 0x0000023c681ca9e0 flushing nmethod 0x0000023c52f5f290
Event: 124.407 Thread 0x0000023c681ca9e0 flushing nmethod 0x0000023c52fb3110
Event: 124.408 Thread 0x0000023c681ca9e0 flushing nmethod 0x0000023c52fce390


Dynamic libraries:
0x00007ff649f60000 - 0x00007ff649f6e000 	C:\Users\vmmor\.p2\pool\plugins\org.eclipse.justj.openjdk.hotspot.jre.full.win32.x86_64_17.0.8.v20230831-1047\jre\bin\javaw.exe
0x00007ff85af70000 - 0x00007ff85b168000 	C:\Windows\SYSTEM32\ntdll.dll
0x00007ff85acd0000 - 0x00007ff85ad8d000 	C:\Windows\System32\KERNEL32.DLL
0x00007ff8589a0000 - 0x00007ff858c96000 	C:\Windows\System32\KERNELBASE.dll
0x00007ff858d90000 - 0x00007ff858e90000 	C:\Windows\System32\ucrtbase.dll
0x00007ff84c8c0000 - 0x00007ff84c8d7000 	C:\Users\vmmor\.p2\pool\plugins\org.eclipse.justj.openjdk.hotspot.jre.full.win32.x86_64_17.0.8.v20230831-1047\jre\bin\jli.dll
0x00007ff84c640000 - 0x00007ff84c659000 	C:\Users\vmmor\.p2\pool\plugins\org.eclipse.justj.openjdk.hotspot.jre.full.win32.x86_64_17.0.8.v20230831-1047\jre\bin\VCRUNTIME140.dll
0x00007ff85a180000 - 0x00007ff85a31f000 	C:\Windows\System32\USER32.dll
0x00007ff8493d0000 - 0x00007ff84966a000 	C:\Windows\WinSxS\amd64_microsoft.windows.common-controls_6595b64144ccf1df_6.0.19041.4355_none_60b8b9eb71f62e16\COMCTL32.dll
0x00007ff858ca0000 - 0x00007ff858cc2000 	C:\Windows\System32\win32u.dll
0x00007ff858fc0000 - 0x00007ff85905e000 	C:\Windows\System32\msvcrt.dll
0x00007ff859c10000 - 0x00007ff859c3b000 	C:\Windows\System32\GDI32.dll
0x00007ff858e90000 - 0x00007ff858fa7000 	C:\Windows\System32\gdi32full.dll
0x00007ff858900000 - 0x00007ff85899d000 	C:\Windows\System32\msvcp_win.dll
0x00007ff85af00000 - 0x00007ff85af2f000 	C:\Windows\System32\IMM32.DLL
0x00007ff855560000 - 0x00007ff85556c000 	C:\Users\vmmor\.p2\pool\plugins\org.eclipse.justj.openjdk.hotspot.jre.full.win32.x86_64_17.0.8.v20230831-1047\jre\bin\vcruntime140_1.dll
0x00007ff848570000 - 0x00007ff848601000 	C:\Users\vmmor\.p2\pool\plugins\org.eclipse.justj.openjdk.hotspot.jre.full.win32.x86_64_17.0.8.v20230831-1047\jre\bin\msvcp140.dll
0x00007ff8366d0000 - 0x00007ff83731c000 	C:\Users\vmmor\.p2\pool\plugins\org.eclipse.justj.openjdk.hotspot.jre.full.win32.x86_64_17.0.8.v20230831-1047\jre\bin\server\jvm.dll
0x00007ff85a030000 - 0x00007ff85a0e0000 	C:\Windows\System32\ADVAPI32.dll
0x00007ff85a0e0000 - 0x00007ff85a180000 	C:\Windows\System32\sechost.dll
0x00007ff85aab0000 - 0x00007ff85abd3000 	C:\Windows\System32\RPCRT4.dll
0x00007ff858d60000 - 0x00007ff858d87000 	C:\Windows\System32\bcrypt.dll
0x00007ff858480000 - 0x00007ff8584cb000 	C:\Windows\SYSTEM32\POWRPROF.dll
0x00007ff841610000 - 0x00007ff841637000 	C:\Windows\SYSTEM32\WINMM.dll
0x00007ff855c40000 - 0x00007ff855c49000 	C:\Windows\SYSTEM32\WSOCK32.dll
0x00007ff8530c0000 - 0x00007ff8530ca000 	C:\Windows\SYSTEM32\VERSION.dll
0x00007ff85ad90000 - 0x00007ff85adfb000 	C:\Windows\System32\WS2_32.dll
0x00007ff858460000 - 0x00007ff858472000 	C:\Windows\SYSTEM32\UMPDC.dll
0x00007ff8564b0000 - 0x00007ff8564c2000 	C:\Windows\SYSTEM32\kernel.appcore.dll
0x00007ff853cf0000 - 0x00007ff853cfa000 	C:\Users\vmmor\.p2\pool\plugins\org.eclipse.justj.openjdk.hotspot.jre.full.win32.x86_64_17.0.8.v20230831-1047\jre\bin\jimage.dll
0x00007ff847310000 - 0x00007ff8474f4000 	C:\Windows\SYSTEM32\DBGHELP.DLL
0x00007ff84ae10000 - 0x00007ff84ae44000 	C:\Windows\SYSTEM32\dbgcore.DLL
0x00007ff858cd0000 - 0x00007ff858d52000 	C:\Windows\System32\bcryptPrimitives.dll
0x00007ff853bf0000 - 0x00007ff853c15000 	C:\Users\vmmor\.p2\pool\plugins\org.eclipse.justj.openjdk.hotspot.jre.full.win32.x86_64_17.0.8.v20230831-1047\jre\bin\java.dll
0x00007ff853bc0000 - 0x00007ff853bd8000 	C:\Users\vmmor\.p2\pool\plugins\org.eclipse.justj.openjdk.hotspot.jre.full.win32.x86_64_17.0.8.v20230831-1047\jre\bin\zip.dll
0x00007ff85a340000 - 0x00007ff85aaac000 	C:\Windows\System32\SHELL32.dll
0x00007ff8566b0000 - 0x00007ff856e4d000 	C:\Windows\SYSTEM32\windows.storage.dll
0x00007ff859210000 - 0x00007ff859563000 	C:\Windows\System32\combase.dll
0x00007ff857f80000 - 0x00007ff857fae000 	C:\Windows\SYSTEM32\Wldp.dll
0x00007ff859f60000 - 0x00007ff85a02d000 	C:\Windows\System32\OLEAUT32.dll
0x00007ff859d20000 - 0x00007ff859dcd000 	C:\Windows\System32\SHCORE.dll
0x00007ff859f00000 - 0x00007ff859f55000 	C:\Windows\System32\shlwapi.dll
0x00007ff858560000 - 0x00007ff858584000 	C:\Windows\SYSTEM32\profapi.dll
0x00007ff853600000 - 0x00007ff853619000 	C:\Users\vmmor\.p2\pool\plugins\org.eclipse.justj.openjdk.hotspot.jre.full.win32.x86_64_17.0.8.v20230831-1047\jre\bin\net.dll
0x00007ff851740000 - 0x00007ff85184a000 	C:\Windows\SYSTEM32\WINHTTP.dll
0x00007ff857ce0000 - 0x00007ff857d4a000 	C:\Windows\system32\mswsock.dll
0x00007ff853500000 - 0x00007ff853515000 	C:\Users\vmmor\.p2\pool\plugins\org.eclipse.justj.openjdk.hotspot.jre.full.win32.x86_64_17.0.8.v20230831-1047\jre\bin\nio.dll
0x00007ff853cd0000 - 0x00007ff853ce0000 	C:\Users\vmmor\.p2\pool\plugins\org.eclipse.justj.openjdk.hotspot.jre.full.win32.x86_64_17.0.8.v20230831-1047\jre\bin\verify.dll
0x00007ff857ed0000 - 0x00007ff857ee8000 	C:\Windows\SYSTEM32\CRYPTSP.dll
0x00007ff857600000 - 0x00007ff857634000 	C:\Windows\system32\rsaenh.dll
0x00007ff8584d0000 - 0x00007ff8584fe000 	C:\Windows\SYSTEM32\USERENV.dll
0x00007ff857ef0000 - 0x00007ff857efc000 	C:\Windows\SYSTEM32\CRYPTBASE.dll
0x00007ff8579c0000 - 0x00007ff8579fb000 	C:\Windows\SYSTEM32\IPHLPAPI.DLL
0x00007ff85ae00000 - 0x00007ff85ae08000 	C:\Windows\System32\NSI.dll
0x00007ff8535d0000 - 0x00007ff8535e7000 	C:\Windows\SYSTEM32\dhcpcsvc6.DLL
0x00007ff8534e0000 - 0x00007ff8534fd000 	C:\Windows\SYSTEM32\dhcpcsvc.DLL
0x00007ff857a00000 - 0x00007ff857aca000 	C:\Windows\SYSTEM32\DNSAPI.dll
0x00007ff844b70000 - 0x00007ff844c8d000 	C:\Users\vmmor\AppData\Local\Temp\fmi4j_dll3769210193096327284\fmi4j-import.dll
0x0000000008000000 - 0x000000000801e000 	C:\Users\vmmor\AppData\Local\Temp\fmi4j_BEV_5in_9out17095519735742610615\binaries\win64\BEV.dll

dbghelp: loaded successfully - version: 4.0.5 - missing functions: none
symbol engine: initialized successfully - sym options: 0x614 - pdb path: .;C:\Users\vmmor\.p2\pool\plugins\org.eclipse.justj.openjdk.hotspot.jre.full.win32.x86_64_17.0.8.v20230831-1047\jre\bin;C:\Windows\SYSTEM32;C:\Windows\WinSxS\amd64_microsoft.windows.common-controls_6595b64144ccf1df_6.0.19041.4355_none_60b8b9eb71f62e16;C:\Users\vmmor\.p2\pool\plugins\org.eclipse.justj.openjdk.hotspot.jre.full.win32.x86_64_17.0.8.v20230831-1047\jre\bin\server;C:\Users\vmmor\AppData\Local\Temp\fmi4j_dll3769210193096327284;C:\Users\vmmor\AppData\Local\Temp\fmi4j_BEV_5in_9out17095519735742610615\binaries\win64

VM Arguments:
jvm_args: --add-opens=java.base/java.util=ALL-UNNAMED -Dfile.encoding=UTF-8 -XX:+ShowCodeDetailsInExceptionMessages 
java_command: momot.search.batteryFMU
java_class_path (initial): C:\Users\vmmor\eclipse-plain\ConfigurationModule\target\classes;C:\Users\vmmor\eclipse-plain\ConfigurationModule\target\test-classes;C:\Users\vmmor\.p2\pool\plugins\org.osgi.annotation.versioning_1.1.2.202109301733.jar;C:\Users\vmmor\.p2\pool\plugins\org.osgi.annotation.bundle_2.0.0.202202082230.jar;C:\Users\vmmor\.p2\pool\plugins\org.osgi.service.component.annotations_1.5.1.202212101352.jar;C:\Users\vmmor\.p2\pool\plugins\org.osgi.service.metatype.annotations_1.4.1.202109301733.jar;C:\Users\vmmor\.p2\pool\plugins\org.eclipse.core.runtime_3.27.0.v20230515-1719.jar;C:\Users\vmmor\.p2\pool\plugins\org.eclipse.osgi_3.18.400.v20230509-2241.jar;C:\Users\vmmor\.p2\pool\plugins\org.eclipse.osgi.compatibility.state_1.2.800.v20221116-1440.jar;C:\Users\vmmor\.p2\pool\plugins\org.eclipse.equinox.common_3.18.0.v20230523-2142.jar;C:\Users\vmmor\.p2\pool\plugins\org.eclipse.core.jobs_3.14.0.v20230317-0901.jar;C:\Users\vmmor\.p2\pool\plugins\org.eclipse.equinox.registry_3.11.200.v20220817-1601.jar;C:\Users\vmmor\.p2\pool\plugins\org.eclipse.equinox.preferences_3.10.200.v20230120-0604.jar;C:\Users\vmmor\.p2\pool\plugins\org.osgi.service.prefs_1.1.2.202109301733.jar;C:\Users\vmmor\.p2\pool\plugins\org.eclipse.core.contenttype_3.9.0.v20230412-0829.jar;C:\Users\vmmor\.p2\pool\plugins\org.eclipse.equinox.app_1.6.200.v20220720-2012.jar;C:\Users\vmmor\.p2\pool\plugins\org.eclipse.emf.ecore_2.34.0.v20230406-1203.jar;C:\Users\vmmor\.p2\pool\plugins\org.eclipse.emf.common_2.28.0.v20230315-1321.jar;C:\Users\vmmor\.p2\pool\plugins\org.eclipse.emf.ecore.xmi_2.18.0.v20230211-1150.jar;C:\Users\vmmor\.p2\pool\plugins\org.eclipse.xtend.lib_2.31.0.v20230529-0659.jar;C:\Users\vmmor\.p2\pool\plugins\org.eclipse.xtext.xbase.lib_2.31.0.v20230529-0659.jar;C:\Users\vmmor\.p2\pool\plugins\com.google.guava_30.1.0.v20221112-0806.jar;C:\Users\vmmor\.p2\pool\plugins\org.eclipse.xtend.lib.macro_2.31.0.v20230529-0659.jar;C:\Users\vmmor\.p2\pool\plugins\org.eclipse.emf.henshin.interp
Launcher Type: SUN_STANDARD

[Global flags]
     intx CICompilerCount                          = 3                                         {product} {ergonomic}
     uint ConcGCThreads                            = 2                                         {product} {ergonomic}
     uint G1ConcRefinementThreads                  = 6                                         {product} {ergonomic}
   size_t G1HeapRegionSize                         = 1048576                                   {product} {ergonomic}
    uintx GCDrainStackTargetSize                   = 64                                        {product} {ergonomic}
   size_t InitialHeapSize                          = 117440512                                 {product} {ergonomic}
   size_t MarkStackSize                            = 4194304                                   {product} {ergonomic}
   size_t MaxHeapSize                              = 1860173824                                {product} {ergonomic}
   size_t MaxNewSize                               = 1115684864                                {product} {ergonomic}
   size_t MinHeapDeltaBytes                        = 1048576                                   {product} {ergonomic}
   size_t MinHeapSize                              = 8388608                                   {product} {ergonomic}
    uintx NonNMethodCodeHeapSize                   = 5832780                                {pd product} {ergonomic}
    uintx NonProfiledCodeHeapSize                  = 122912730                              {pd product} {ergonomic}
    uintx ProfiledCodeHeapSize                     = 122912730                              {pd product} {ergonomic}
    uintx ReservedCodeCacheSize                    = 251658240                              {pd product} {ergonomic}
     bool SegmentedCodeCache                       = true                                      {product} {ergonomic}
     bool ShowCodeDetailsInExceptionMessages       = true                                   {manageable} {command line}
   size_t SoftMaxHeapSize                          = 1860173824                             {manageable} {ergonomic}
     bool UseCompressedClassPointers               = true                           {product lp64_product} {ergonomic}
     bool UseCompressedOops                        = true                           {product lp64_product} {ergonomic}
     bool UseG1GC                                  = true                                      {product} {ergonomic}
     bool UseLargePagesIndividualAllocation        = false                                  {pd product} {ergonomic}

Logging:
Log output configuration:
 #0: stdout all=warning uptime,level,tags
 #1: stderr all=off uptime,level,tags

Environment Variables:
PATH=C:/Users/vmmor/.p2/pool/plugins/org.eclipse.justj.openjdk.hotspot.jre.full.win32.x86_64_17.0.8.v20230831-1047/jre/bin/server;C:/Users/vmmor/.p2/pool/plugins/org.eclipse.justj.openjdk.hotspot.jre.full.win32.x86_64_17.0.8.v20230831-1047/jre/bin;C:\Program Files (x86)\Common Files\Oracle\Java\javapath;C:\Program Files\Common Files\Oracle\Java\javapath;C:\Windows\system32;C:\Windows;C:\Windows\System32\Wbem;C:\Windows\System32\WindowsPowerShell\v1.0\;C:\Windows\System32\OpenSSH\;C:\Program Files\Git\cmd;C:\Program Files\Java\jdk-14.0.2\bin;C:\Users\vmmor\AppData\Local\Microsoft\WindowsApps;C:\Users\vmmor\miniconda3\Scripts;;C:\Windows\system32;
USERNAME=vmmor
OS=Windows_NT
PROCESSOR_IDENTIFIER=AMD64 Family 25 Model 68 Stepping 1, AuthenticAMD
TMP=C:\Users\vmmor\AppData\Local\Temp
TEMP=C:\Users\vmmor\AppData\Local\Temp



---------------  S Y S T E M  ---------------

OS:
 Windows 10 , 64 bit Build 19041 (10.0.19041.3636)
OS uptime: 0 days 15:02 hours

CPU: total 6 (initial active 6) (6 cores per cpu, 6 threads per core) family 25 model 68 stepping 1 microcode 0x0, cx8, cmov, fxsr, ht, mmx, 3dnowpref, sse, sse2, sse3, ssse3, sse4a, sse4.1, sse4.2, popcnt, lzcnt, tsc, tscinvbit, avx, avx2, aes, clmul, vzeroupper, clflush, clflushopt, hv
Processor Information for all 6 processors :
  Max Mhz: 3194, Current Mhz: 3194, Mhz Limit: 3194

Memory: 4k page, system-wide physical 7091M (1284M free)
TotalPageFile size 10504M (AvailPageFile size 0M)
current process WorkingSet (physical memory assigned to process): 310M, peak: 380M
current process commit charge ("private bytes"): 389M, peak: 413M

vm_info: OpenJDK 64-Bit Server VM (17.0.8.1+1) for windows-amd64 JRE (17.0.8.1+1), built on Aug 23 2023 15:29:17 by "admin" with MS VC++ 16.7 (VS2019)

END.
