#
# There is insufficient memory for the Java Runtime Environment to continue.
# Native memory allocation (malloc) failed to allocate 32744 bytes for ChunkPool::allocate
# Possible reasons:
#   The system is out of physical RAM or swap space
#   The process is running with CompressedOops enabled, and the Java Heap may be blocking the growth of the native heap
# Possible solutions:
#   Reduce memory load on the system
#   Increase physical memory or swap space
#   Check if swap backing store is full
#   Decrease Java heap size (-Xmx/-Xms)
#   Decrease number of Java threads
#   Decrease Java thread stack sizes (-Xss)
#   Set larger code cache with -XX:ReservedCodeCacheSize=
#   JVM is running with Unscaled Compressed Oops mode in which the Java heap is
#     placed in the first 4GB address space. The Java Heap base address is the
#     maximum limit for the native heap growth. Please use -XX:HeapBaseMinAddress
#     to set the Java Heap base and to place the Java Heap above 4GB virtual address.
# This output file may be truncated or incomplete.
#
#  Out of Memory Error (arena.cpp:78), pid=5604, tid=11892
#
# JRE version: OpenJDK Runtime Environment Temurin-17.0.8.1+1 (17.0.8.1+1) (build 17.0.8.1+1)
# Java VM: OpenJDK 64-Bit Server VM Temurin-17.0.8.1+1 (17.0.8.1+1, mixed mode, tiered, compressed oops, compressed class ptrs, g1 gc, windows-amd64)
# No core dump will be written. Minidumps are not enabled by default on client versions of Windows
#

---------------  S U M M A R Y ------------

Command Line: --add-opens=java.base/java.util=ALL-UNNAMED -Dfile.encoding=UTF-8 -XX:+ShowCodeDetailsInExceptionMessages momot.search.batteryFMU

Host: AMD Ryzen 7 6800HS Creator Edition, 6 cores, 6G,  Windows 10 , 64 bit Build 19041 (10.0.19041.3636)
Time: Sat Jul  6 17:39:13 2024 Mitteleuropäische Sommerzeit elapsed time: 104.167238 seconds (0d 0h 1m 44s)

---------------  T H R E A D  ---------------

Current thread (0x000001cf64bacc60):  JavaThread "C2 CompilerThread0" daemon [_thread_in_native, id=11892, stack(0x00000007fe400000,0x00000007fe500000)]


Current CompileTask:
C2: 104167 7077  s    4       java.io.BufferedInputStream::read (113 bytes)

Stack: [0x00000007fe400000,0x00000007fe500000]
Native frames: (J=compiled Java code, j=interpreted, Vv=VM code, C=native code)
V  [jvm.dll+0x678b0a]
V  [jvm.dll+0x835e84]
V  [jvm.dll+0x83762e]
V  [jvm.dll+0x837c93]
V  [jvm.dll+0x24746f]
V  [jvm.dll+0xac42c]
V  [jvm.dll+0xac7dc]
V  [jvm.dll+0x6046e0]
V  [jvm.dll+0x604876]
V  [jvm.dll+0x60a407]
V  [jvm.dll+0x60b282]
V  [jvm.dll+0x6097e4]
V  [jvm.dll+0x219a68]
V  [jvm.dll+0x219011]
V  [jvm.dll+0x1a534d]
V  [jvm.dll+0x228d8a]
V  [jvm.dll+0x226dcc]
V  [jvm.dll+0x7ec09b]
V  [jvm.dll+0x7e64ca]
V  [jvm.dll+0x677955]
C  [ucrtbase.dll+0x21bb2]
C  [KERNEL32.DLL+0x17344]
C  [ntdll.dll+0x4cc91]


---------------  P R O C E S S  ---------------

Threads class SMR info:
_java_thread_list=0x000001cf6b24d570, length=13, elements={
0x000001cf4b82a4a0, 0x000001cf64a28ec0, 0x000001cf64a29d40, 0x000001cf64ba70d0,
0x000001cf64baaec0, 0x000001cf64bab790, 0x000001cf64bac060, 0x000001cf64bacc60,
0x000001cf64bbae70, 0x000001cf64bbd790, 0x000001cf64d5e010, 0x000001cf64d60910,
0x000001cf6952faa0
}

Java Threads: ( => current thread )
  0x000001cf4b82a4a0 JavaThread "main" [_thread_in_native, id=3588, stack(0x00000007fd700000,0x00000007fd800000)]
  0x000001cf64a28ec0 JavaThread "Reference Handler" daemon [_thread_blocked, id=9308, stack(0x00000007fde00000,0x00000007fdf00000)]
  0x000001cf64a29d40 JavaThread "Finalizer" daemon [_thread_blocked, id=9324, stack(0x00000007fdf00000,0x00000007fe000000)]
  0x000001cf64ba70d0 JavaThread "Signal Dispatcher" daemon [_thread_blocked, id=5960, stack(0x00000007fe000000,0x00000007fe100000)]
  0x000001cf64baaec0 JavaThread "Attach Listener" daemon [_thread_blocked, id=4796, stack(0x00000007fe100000,0x00000007fe200000)]
  0x000001cf64bab790 JavaThread "Service Thread" daemon [_thread_blocked, id=5552, stack(0x00000007fe200000,0x00000007fe300000)]
  0x000001cf64bac060 JavaThread "Monitor Deflation Thread" daemon [_thread_blocked, id=2832, stack(0x00000007fe300000,0x00000007fe400000)]
=>0x000001cf64bacc60 JavaThread "C2 CompilerThread0" daemon [_thread_in_native, id=11892, stack(0x00000007fe400000,0x00000007fe500000)]
  0x000001cf64bbae70 JavaThread "C1 CompilerThread0" daemon [_thread_blocked, id=11820, stack(0x00000007fe500000,0x00000007fe600000)]
  0x000001cf64bbd790 JavaThread "Sweeper thread" daemon [_thread_blocked, id=8036, stack(0x00000007fe600000,0x00000007fe700000)]
  0x000001cf64d5e010 JavaThread "Common-Cleaner" daemon [_thread_blocked, id=2836, stack(0x00000007fe700000,0x00000007fe800000)]
  0x000001cf64d60910 JavaThread "Notification Thread" daemon [_thread_blocked, id=6392, stack(0x00000007fe800000,0x00000007fe900000)]
  0x000001cf6952faa0 JavaThread "EMF Reference Cleaner" daemon [_thread_blocked, id=7208, stack(0x00000007feb00000,0x00000007fec00000)]

Other Threads:
  0x000001cf64a27630 VMThread "VM Thread" [stack: 0x00000007fdd00000,0x00000007fde00000] [id=4368]
  0x000001cf4b8a16c0 WatcherThread [stack: 0x00000007fe900000,0x00000007fea00000] [id=12064]
  0x000001cf4b87e350 GCTaskThread "GC Thread#0" [stack: 0x00000007fd800000,0x00000007fd900000] [id=8880]
  0x000001cf69bb8310 GCTaskThread "GC Thread#1" [stack: 0x00000007fec00000,0x00000007fed00000] [id=1896]
  0x000001cf696fa770 GCTaskThread "GC Thread#2" [stack: 0x00000007fed00000,0x00000007fee00000] [id=6576]
  0x000001cf69ae2af0 GCTaskThread "GC Thread#3" [stack: 0x00000007fee00000,0x00000007fef00000] [id=6468]
  0x000001cf69712360 GCTaskThread "GC Thread#4" [stack: 0x00000007fef00000,0x00000007ff000000] [id=11652]
  0x000001cf69712620 GCTaskThread "GC Thread#5" [stack: 0x00000007ff000000,0x00000007ff100000] [id=4392]
  0x000001cf4b88d060 ConcurrentGCThread "G1 Main Marker" [stack: 0x00000007fd900000,0x00000007fda00000] [id=8848]
  0x000001cf4b88e210 ConcurrentGCThread "G1 Conc#0" [stack: 0x00000007fda00000,0x00000007fdb00000] [id=9768]
  0x000001cf69dabb10 ConcurrentGCThread "G1 Conc#1" [stack: 0x00000007ff200000,0x00000007ff300000] [id=9568]
  0x000001cf648824b0 ConcurrentGCThread "G1 Refine#0" [stack: 0x00000007fdb00000,0x00000007fdc00000] [id=11232]
  0x000001cf696f9a40 ConcurrentGCThread "G1 Refine#1" [stack: 0x00000007ff100000,0x00000007ff200000] [id=4284]
  0x000001cf4b8d9ff0 ConcurrentGCThread "G1 Service" [stack: 0x00000007fdc00000,0x00000007fdd00000] [id=11540]

Threads with active compile tasks:
C2 CompilerThread0   104192 7077  s    4       java.io.BufferedInputStream::read (113 bytes)

VM state: not at safepoint (normal execution)

VM Mutex/Monitor currently owned by a thread: None

Heap address: 0x0000000091200000, size: 1774 MB, Compressed Oops mode: 32-bit

CDS archive(s) not mapped
Compressed class space mapped at: 0x0000000100000000-0x0000000140000000, reserved size: 1073741824
Narrow klass base: 0x0000000000000000, Narrow klass shift: 3, Narrow klass range: 0x140000000

GC Precious Log:
 CPUs: 6 total, 6 available
 Memory: 7091M
 Large Page Support: Disabled
 NUMA Support: Disabled
 Compressed Oops: Enabled (32-bit)
 Heap Region Size: 1M
 Heap Min Capacity: 8M
 Heap Initial Capacity: 112M
 Heap Max Capacity: 1774M
 Pre-touch: Disabled
 Parallel Workers: 6
 Concurrent Workers: 2
 Concurrent Refinement Workers: 6
 Periodic GC: Disabled

Heap:
 garbage-first heap   total 221184K, used 80983K [0x0000000091200000, 0x0000000100000000)
  region size 1024K, 36 young (36864K), 4 survivors (4096K)
 Metaspace       used 32778K, committed 33408K, reserved 1114112K
  class space    used 3439K, committed 3712K, reserved 1048576K

Heap Regions: E=young(eden), S=young(survivor), O=old, HS=humongous(starts), HC=humongous(continues), CS=collection set, F=free, OA=open archive, CA=closed archive, TAMS=top-at-mark-start (previous, next)
|   0|0x0000000091200000, 0x0000000091300000, 0x0000000091300000|100%| O|  |TAMS 0x0000000091300000, 0x0000000091200000| Untracked 
|   1|0x0000000091300000, 0x0000000091400000, 0x0000000091400000|100%| O|  |TAMS 0x0000000091400000, 0x0000000091300000| Untracked 
|   2|0x0000000091400000, 0x0000000091500000, 0x0000000091500000|100%| O|  |TAMS 0x0000000091500000, 0x0000000091400000| Untracked 
|   3|0x0000000091500000, 0x0000000091600000, 0x0000000091600000|100%| O|  |TAMS 0x0000000091600000, 0x0000000091500000| Untracked 
|   4|0x0000000091600000, 0x0000000091700000, 0x0000000091700000|100%| O|  |TAMS 0x0000000091600000, 0x0000000091600000| Untracked 
|   5|0x0000000091700000, 0x0000000091800000, 0x0000000091800000|100%| O|  |TAMS 0x0000000091800000, 0x0000000091700000| Untracked 
|   6|0x0000000091800000, 0x0000000091900000, 0x0000000091900000|100%| O|  |TAMS 0x0000000091900000, 0x0000000091800000| Untracked 
|   7|0x0000000091900000, 0x0000000091a00000, 0x0000000091a00000|100%| O|  |TAMS 0x0000000091900000, 0x0000000091900000| Untracked 
|   8|0x0000000091a00000, 0x0000000091b00000, 0x0000000091b00000|100%| O|  |TAMS 0x0000000091a00000, 0x0000000091a00000| Untracked 
|   9|0x0000000091b00000, 0x0000000091c00000, 0x0000000091c00000|100%| O|  |TAMS 0x0000000091b00000, 0x0000000091b00000| Untracked 
|  10|0x0000000091c00000, 0x0000000091d00000, 0x0000000091d00000|100%| O|  |TAMS 0x0000000091c00000, 0x0000000091c00000| Untracked 
|  11|0x0000000091d00000, 0x0000000091e00000, 0x0000000091e00000|100%| O|  |TAMS 0x0000000091d00000, 0x0000000091d00000| Untracked 
|  12|0x0000000091e00000, 0x0000000091f00000, 0x0000000091f00000|100%| O|  |TAMS 0x0000000091e00000, 0x0000000091e00000| Untracked 
|  13|0x0000000091f00000, 0x0000000092000000, 0x0000000092000000|100%| O|  |TAMS 0x0000000091f00000, 0x0000000091f00000| Untracked 
|  14|0x0000000092000000, 0x0000000092100000, 0x0000000092100000|100%| O|  |TAMS 0x0000000092000000, 0x0000000092000000| Untracked 
|  15|0x0000000092100000, 0x0000000092200000, 0x0000000092200000|100%| O|  |TAMS 0x0000000092100000, 0x0000000092100000| Untracked 
|  16|0x0000000092200000, 0x0000000092300000, 0x0000000092300000|100%| O|  |TAMS 0x0000000092200000, 0x0000000092200000| Untracked 
|  17|0x0000000092300000, 0x0000000092400000, 0x0000000092400000|100%| O|  |TAMS 0x0000000092300000, 0x0000000092300000| Untracked 
|  18|0x0000000092400000, 0x0000000092500000, 0x0000000092500000|100%| O|  |TAMS 0x0000000092400000, 0x0000000092400000| Untracked 
|  19|0x0000000092500000, 0x0000000092600000, 0x0000000092600000|100%| O|  |TAMS 0x0000000092500000, 0x0000000092500000| Untracked 
|  20|0x0000000092600000, 0x0000000092700000, 0x0000000092700000|100%| O|  |TAMS 0x0000000092600000, 0x0000000092600000| Untracked 
|  21|0x0000000092700000, 0x0000000092800000, 0x0000000092800000|100%| O|  |TAMS 0x0000000092700000, 0x0000000092700000| Untracked 
|  22|0x0000000092800000, 0x0000000092800000, 0x0000000092900000|  0%| F|  |TAMS 0x0000000092800000, 0x0000000092800000| Untracked 
|  23|0x0000000092900000, 0x0000000092a00000, 0x0000000092a00000|100%| O|  |TAMS 0x0000000092900000, 0x0000000092900000| Untracked 
|  24|0x0000000092a00000, 0x0000000092b00000, 0x0000000092b00000|100%| O|  |TAMS 0x0000000092a00000, 0x0000000092a00000| Untracked 
|  25|0x0000000092b00000, 0x0000000092c00000, 0x0000000092c00000|100%| O|  |TAMS 0x0000000092b00000, 0x0000000092b00000| Untracked 
|  26|0x0000000092c00000, 0x0000000092d00000, 0x0000000092d00000|100%| O|  |TAMS 0x0000000092c00000, 0x0000000092c00000| Untracked 
|  27|0x0000000092d00000, 0x0000000092e00000, 0x0000000092e00000|100%| O|  |TAMS 0x0000000092d00000, 0x0000000092d00000| Untracked 
|  28|0x0000000092e00000, 0x0000000092f00000, 0x0000000092f00000|100%| O|  |TAMS 0x0000000092e00000, 0x0000000092e00000| Untracked 
|  29|0x0000000092f00000, 0x0000000093000000, 0x0000000093000000|100%| O|  |TAMS 0x0000000092f00000, 0x0000000092f00000| Untracked 
|  30|0x0000000093000000, 0x0000000093000000, 0x0000000093100000|  0%| F|  |TAMS 0x0000000093000000, 0x0000000093000000| Untracked 
|  31|0x0000000093100000, 0x00000000931c6000, 0x0000000093200000| 77%| O|  |TAMS 0x0000000093100000, 0x0000000093100000| Untracked 
|  32|0x0000000093200000, 0x0000000093200000, 0x0000000093300000|  0%| F|  |TAMS 0x0000000093200000, 0x0000000093200000| Untracked 
|  33|0x0000000093300000, 0x0000000093400000, 0x0000000093400000|100%| O|  |TAMS 0x0000000093300000, 0x0000000093300000| Untracked 
|  34|0x0000000093400000, 0x0000000093500000, 0x0000000093500000|100%| O|  |TAMS 0x0000000093400000, 0x0000000093400000| Untracked 
|  35|0x0000000093500000, 0x0000000093600000, 0x0000000093600000|100%| O|  |TAMS 0x0000000093500000, 0x0000000093500000| Untracked 
|  36|0x0000000093600000, 0x0000000093700000, 0x0000000093700000|100%| O|  |TAMS 0x0000000093600000, 0x0000000093600000| Untracked 
|  37|0x0000000093700000, 0x0000000093800000, 0x0000000093800000|100%| O|  |TAMS 0x0000000093700000, 0x0000000093700000| Untracked 
|  38|0x0000000093800000, 0x0000000093900000, 0x0000000093900000|100%| O|  |TAMS 0x0000000093800000, 0x0000000093800000| Untracked 
|  39|0x0000000093900000, 0x0000000093a00000, 0x0000000093a00000|100%| O|  |TAMS 0x0000000093900000, 0x0000000093900000| Untracked 
|  40|0x0000000093a00000, 0x0000000093b00000, 0x0000000093b00000|100%| O|  |TAMS 0x0000000093a00000, 0x0000000093a00000| Untracked 
|  41|0x0000000093b00000, 0x0000000093c00000, 0x0000000093c00000|100%| O|  |TAMS 0x0000000093b00000, 0x0000000093b00000| Untracked 
|  42|0x0000000093c00000, 0x0000000093d00000, 0x0000000093d00000|100%| O|  |TAMS 0x0000000093c00000, 0x0000000093c00000| Untracked 
|  43|0x0000000093d00000, 0x0000000093e00000, 0x0000000093e00000|100%| O|  |TAMS 0x0000000093d00000, 0x0000000093d00000| Untracked 
|  44|0x0000000093e00000, 0x0000000093f00000, 0x0000000093f00000|100%| O|  |TAMS 0x0000000093e00000, 0x0000000093e00000| Untracked 
|  45|0x0000000093f00000, 0x0000000094000000, 0x0000000094000000|100%| O|  |TAMS 0x0000000093f00000, 0x0000000093f00000| Untracked 
|  46|0x0000000094000000, 0x0000000094100000, 0x0000000094100000|100%| O|  |TAMS 0x0000000094000000, 0x0000000094000000| Untracked 
|  47|0x0000000094100000, 0x0000000094200000, 0x0000000094200000|100%| O|  |TAMS 0x0000000094100000, 0x0000000094100000| Untracked 
|  48|0x0000000094200000, 0x0000000094200000, 0x0000000094300000|  0%| F|  |TAMS 0x0000000094200000, 0x0000000094200000| Untracked 
|  49|0x0000000094300000, 0x0000000094300000, 0x0000000094400000|  0%| F|  |TAMS 0x0000000094300000, 0x0000000094300000| Untracked 
|  50|0x0000000094400000, 0x0000000094400000, 0x0000000094500000|  0%| F|  |TAMS 0x0000000094400000, 0x0000000094400000| Untracked 
|  51|0x0000000094500000, 0x0000000094500000, 0x0000000094600000|  0%| F|  |TAMS 0x0000000094500000, 0x0000000094500000| Untracked 
|  52|0x0000000094600000, 0x0000000094600000, 0x0000000094700000|  0%| F|  |TAMS 0x0000000094600000, 0x0000000094600000| Untracked 
|  53|0x0000000094700000, 0x0000000094700000, 0x0000000094800000|  0%| F|  |TAMS 0x0000000094700000, 0x0000000094700000| Untracked 
|  54|0x0000000094800000, 0x0000000094800000, 0x0000000094900000|  0%| F|  |TAMS 0x0000000094800000, 0x0000000094800000| Untracked 
|  55|0x0000000094900000, 0x0000000094900000, 0x0000000094a00000|  0%| F|  |TAMS 0x0000000094900000, 0x0000000094900000| Untracked 
|  56|0x0000000094a00000, 0x0000000094a00000, 0x0000000094b00000|  0%| F|  |TAMS 0x0000000094a00000, 0x0000000094a00000| Untracked 
|  57|0x0000000094b00000, 0x0000000094b00000, 0x0000000094c00000|  0%| F|  |TAMS 0x0000000094b00000, 0x0000000094b00000| Untracked 
|  58|0x0000000094c00000, 0x0000000094c00000, 0x0000000094d00000|  0%| F|  |TAMS 0x0000000094c00000, 0x0000000094c00000| Untracked 
|  59|0x0000000094d00000, 0x0000000094d00000, 0x0000000094e00000|  0%| F|  |TAMS 0x0000000094d00000, 0x0000000094d00000| Untracked 
|  60|0x0000000094e00000, 0x0000000094e00000, 0x0000000094f00000|  0%| F|  |TAMS 0x0000000094e00000, 0x0000000094e00000| Untracked 
|  61|0x0000000094f00000, 0x0000000094f00000, 0x0000000095000000|  0%| F|  |TAMS 0x0000000094f00000, 0x0000000094f00000| Untracked 
|  62|0x0000000095000000, 0x0000000095000000, 0x0000000095100000|  0%| F|  |TAMS 0x0000000095000000, 0x0000000095000000| Untracked 
|  63|0x0000000095100000, 0x0000000095100000, 0x0000000095200000|  0%| F|  |TAMS 0x0000000095100000, 0x0000000095100000| Untracked 
|  64|0x0000000095200000, 0x0000000095200000, 0x0000000095300000|  0%| F|  |TAMS 0x0000000095200000, 0x0000000095200000| Untracked 
|  65|0x0000000095300000, 0x0000000095300000, 0x0000000095400000|  0%| F|  |TAMS 0x0000000095300000, 0x0000000095300000| Untracked 
|  66|0x0000000095400000, 0x0000000095400000, 0x0000000095500000|  0%| F|  |TAMS 0x0000000095400000, 0x0000000095400000| Untracked 
|  67|0x0000000095500000, 0x0000000095500000, 0x0000000095600000|  0%| F|  |TAMS 0x0000000095500000, 0x0000000095500000| Untracked 
|  68|0x0000000095600000, 0x0000000095600000, 0x0000000095700000|  0%| F|  |TAMS 0x0000000095600000, 0x0000000095600000| Untracked 
|  69|0x0000000095700000, 0x0000000095700000, 0x0000000095800000|  0%| F|  |TAMS 0x0000000095700000, 0x0000000095700000| Untracked 
|  70|0x0000000095800000, 0x0000000095800000, 0x0000000095900000|  0%| F|  |TAMS 0x0000000095800000, 0x0000000095800000| Untracked 
|  71|0x0000000095900000, 0x0000000095900000, 0x0000000095a00000|  0%| F|  |TAMS 0x0000000095900000, 0x0000000095900000| Untracked 
|  72|0x0000000095a00000, 0x0000000095a00000, 0x0000000095b00000|  0%| F|  |TAMS 0x0000000095a00000, 0x0000000095a00000| Untracked 
|  73|0x0000000095b00000, 0x0000000095b00000, 0x0000000095c00000|  0%| F|  |TAMS 0x0000000095b00000, 0x0000000095b00000| Untracked 
|  74|0x0000000095c00000, 0x0000000095c00000, 0x0000000095d00000|  0%| F|  |TAMS 0x0000000095c00000, 0x0000000095c00000| Untracked 
|  75|0x0000000095d00000, 0x0000000095d00000, 0x0000000095e00000|  0%| F|  |TAMS 0x0000000095d00000, 0x0000000095d00000| Untracked 
|  76|0x0000000095e00000, 0x0000000095e00000, 0x0000000095f00000|  0%| F|  |TAMS 0x0000000095e00000, 0x0000000095e00000| Untracked 
|  77|0x0000000095f00000, 0x0000000095f00000, 0x0000000096000000|  0%| F|  |TAMS 0x0000000095f00000, 0x0000000095f00000| Untracked 
|  78|0x0000000096000000, 0x0000000096000000, 0x0000000096100000|  0%| F|  |TAMS 0x0000000096000000, 0x0000000096000000| Untracked 
|  79|0x0000000096100000, 0x0000000096100000, 0x0000000096200000|  0%| F|  |TAMS 0x0000000096100000, 0x0000000096100000| Untracked 
|  80|0x0000000096200000, 0x0000000096200000, 0x0000000096300000|  0%| F|  |TAMS 0x0000000096200000, 0x0000000096200000| Untracked 
|  81|0x0000000096300000, 0x0000000096300000, 0x0000000096400000|  0%| F|  |TAMS 0x0000000096300000, 0x0000000096300000| Untracked 
|  82|0x0000000096400000, 0x0000000096400000, 0x0000000096500000|  0%| F|  |TAMS 0x0000000096400000, 0x0000000096400000| Untracked 
|  83|0x0000000096500000, 0x0000000096500000, 0x0000000096600000|  0%| F|  |TAMS 0x0000000096500000, 0x0000000096500000| Untracked 
|  84|0x0000000096600000, 0x0000000096600000, 0x0000000096700000|  0%| F|  |TAMS 0x0000000096600000, 0x0000000096600000| Untracked 
|  85|0x0000000096700000, 0x000000009674fc38, 0x0000000096800000| 31%| S|CS|TAMS 0x0000000096700000, 0x0000000096700000| Complete 
|  86|0x0000000096800000, 0x0000000096800000, 0x0000000096900000|  0%| F|  |TAMS 0x0000000096800000, 0x0000000096800000| Untracked 
|  87|0x0000000096900000, 0x0000000096a00000, 0x0000000096a00000|100%| S|CS|TAMS 0x0000000096900000, 0x0000000096900000| Complete 
|  88|0x0000000096a00000, 0x0000000096a00000, 0x0000000096b00000|  0%| F|  |TAMS 0x0000000096a00000, 0x0000000096a00000| Untracked 
|  89|0x0000000096b00000, 0x0000000096c00000, 0x0000000096c00000|100%| S|CS|TAMS 0x0000000096b00000, 0x0000000096b00000| Complete 
|  90|0x0000000096c00000, 0x0000000096d00000, 0x0000000096d00000|100%| S|CS|TAMS 0x0000000096c00000, 0x0000000096c00000| Complete 
|  91|0x0000000096d00000, 0x0000000096d00000, 0x0000000096e00000|  0%| F|  |TAMS 0x0000000096d00000, 0x0000000096d00000| Untracked 
|  92|0x0000000096e00000, 0x0000000096e00000, 0x0000000096f00000|  0%| F|  |TAMS 0x0000000096e00000, 0x0000000096e00000| Untracked 
|  93|0x0000000096f00000, 0x0000000096f00000, 0x0000000097000000|  0%| F|  |TAMS 0x0000000096f00000, 0x0000000096f00000| Untracked 
|  94|0x0000000097000000, 0x0000000097000000, 0x0000000097100000|  0%| F|  |TAMS 0x0000000097000000, 0x0000000097000000| Untracked 
|  95|0x0000000097100000, 0x0000000097100000, 0x0000000097200000|  0%| F|  |TAMS 0x0000000097100000, 0x0000000097100000| Untracked 
|  96|0x0000000097200000, 0x0000000097200000, 0x0000000097300000|  0%| F|  |TAMS 0x0000000097200000, 0x0000000097200000| Untracked 
|  97|0x0000000097300000, 0x0000000097300000, 0x0000000097400000|  0%| F|  |TAMS 0x0000000097300000, 0x0000000097300000| Untracked 
|  98|0x0000000097400000, 0x0000000097400000, 0x0000000097500000|  0%| F|  |TAMS 0x0000000097400000, 0x0000000097400000| Untracked 
|  99|0x0000000097500000, 0x0000000097500000, 0x0000000097600000|  0%| F|  |TAMS 0x0000000097500000, 0x0000000097500000| Untracked 
| 100|0x0000000097600000, 0x0000000097600000, 0x0000000097700000|  0%| F|  |TAMS 0x0000000097600000, 0x0000000097600000| Untracked 
| 101|0x0000000097700000, 0x0000000097700000, 0x0000000097800000|  0%| F|  |TAMS 0x0000000097700000, 0x0000000097700000| Untracked 
| 102|0x0000000097800000, 0x0000000097800000, 0x0000000097900000|  0%| F|  |TAMS 0x0000000097800000, 0x0000000097800000| Untracked 
| 103|0x0000000097900000, 0x0000000097900000, 0x0000000097a00000|  0%| F|  |TAMS 0x0000000097900000, 0x0000000097900000| Untracked 
| 104|0x0000000097a00000, 0x0000000097a00000, 0x0000000097b00000|  0%| F|  |TAMS 0x0000000097a00000, 0x0000000097a00000| Untracked 
| 105|0x0000000097b00000, 0x0000000097b00000, 0x0000000097c00000|  0%| F|  |TAMS 0x0000000097b00000, 0x0000000097b00000| Untracked 
| 106|0x0000000097c00000, 0x0000000097c00000, 0x0000000097d00000|  0%| F|  |TAMS 0x0000000097c00000, 0x0000000097c00000| Untracked 
| 107|0x0000000097d00000, 0x0000000097d00000, 0x0000000097e00000|  0%| F|  |TAMS 0x0000000097d00000, 0x0000000097d00000| Untracked 
| 108|0x0000000097e00000, 0x0000000097e00000, 0x0000000097f00000|  0%| F|  |TAMS 0x0000000097e00000, 0x0000000097e00000| Untracked 
| 109|0x0000000097f00000, 0x0000000097f00000, 0x0000000098000000|  0%| F|  |TAMS 0x0000000097f00000, 0x0000000097f00000| Untracked 
| 110|0x0000000098000000, 0x0000000098000000, 0x0000000098100000|  0%| F|  |TAMS 0x0000000098000000, 0x0000000098000000| Untracked 
| 111|0x0000000098100000, 0x0000000098100000, 0x0000000098200000|  0%| F|  |TAMS 0x0000000098100000, 0x0000000098100000| Untracked 
| 112|0x0000000098200000, 0x0000000098200000, 0x0000000098300000|  0%| F|  |TAMS 0x0000000098200000, 0x0000000098200000| Untracked 
| 113|0x0000000098300000, 0x0000000098300000, 0x0000000098400000|  0%| F|  |TAMS 0x0000000098300000, 0x0000000098300000| Untracked 
| 114|0x0000000098400000, 0x0000000098400000, 0x0000000098500000|  0%| F|  |TAMS 0x0000000098400000, 0x0000000098400000| Untracked 
| 115|0x0000000098500000, 0x0000000098500000, 0x0000000098600000|  0%| F|  |TAMS 0x0000000098500000, 0x0000000098500000| Untracked 
| 116|0x0000000098600000, 0x0000000098600000, 0x0000000098700000|  0%| F|  |TAMS 0x0000000098600000, 0x0000000098600000| Untracked 
| 117|0x0000000098700000, 0x0000000098700000, 0x0000000098800000|  0%| F|  |TAMS 0x0000000098700000, 0x0000000098700000| Untracked 
| 118|0x0000000098800000, 0x0000000098800000, 0x0000000098900000|  0%| F|  |TAMS 0x0000000098800000, 0x0000000098800000| Untracked 
| 119|0x0000000098900000, 0x0000000098900000, 0x0000000098a00000|  0%| F|  |TAMS 0x0000000098900000, 0x0000000098900000| Untracked 
| 120|0x0000000098a00000, 0x0000000098a00000, 0x0000000098b00000|  0%| F|  |TAMS 0x0000000098a00000, 0x0000000098a00000| Untracked 
| 121|0x0000000098b00000, 0x0000000098b00000, 0x0000000098c00000|  0%| F|  |TAMS 0x0000000098b00000, 0x0000000098b00000| Untracked 
| 122|0x0000000098c00000, 0x0000000098c00000, 0x0000000098d00000|  0%| F|  |TAMS 0x0000000098c00000, 0x0000000098c00000| Untracked 
| 123|0x0000000098d00000, 0x0000000098d00000, 0x0000000098e00000|  0%| F|  |TAMS 0x0000000098d00000, 0x0000000098d00000| Untracked 
| 124|0x0000000098e00000, 0x0000000098e00000, 0x0000000098f00000|  0%| F|  |TAMS 0x0000000098e00000, 0x0000000098e00000| Untracked 
| 125|0x0000000098f00000, 0x0000000098f00000, 0x0000000099000000|  0%| F|  |TAMS 0x0000000098f00000, 0x0000000098f00000| Untracked 
| 126|0x0000000099000000, 0x0000000099000000, 0x0000000099100000|  0%| F|  |TAMS 0x0000000099000000, 0x0000000099000000| Untracked 
| 127|0x0000000099100000, 0x0000000099100000, 0x0000000099200000|  0%| F|  |TAMS 0x0000000099100000, 0x0000000099100000| Untracked 
| 128|0x0000000099200000, 0x0000000099200000, 0x0000000099300000|  0%| F|  |TAMS 0x0000000099200000, 0x0000000099200000| Untracked 
| 129|0x0000000099300000, 0x0000000099300000, 0x0000000099400000|  0%| F|  |TAMS 0x0000000099300000, 0x0000000099300000| Untracked 
| 130|0x0000000099400000, 0x0000000099400000, 0x0000000099500000|  0%| F|  |TAMS 0x0000000099400000, 0x0000000099400000| Untracked 
| 131|0x0000000099500000, 0x0000000099500000, 0x0000000099600000|  0%| F|  |TAMS 0x0000000099500000, 0x0000000099500000| Untracked 
| 132|0x0000000099600000, 0x0000000099600000, 0x0000000099700000|  0%| F|  |TAMS 0x0000000099600000, 0x0000000099600000| Untracked 
| 133|0x0000000099700000, 0x0000000099700000, 0x0000000099800000|  0%| F|  |TAMS 0x0000000099700000, 0x0000000099700000| Untracked 
| 134|0x0000000099800000, 0x0000000099800000, 0x0000000099900000|  0%| F|  |TAMS 0x0000000099800000, 0x0000000099800000| Untracked 
| 135|0x0000000099900000, 0x0000000099900000, 0x0000000099a00000|  0%| F|  |TAMS 0x0000000099900000, 0x0000000099900000| Untracked 
| 136|0x0000000099a00000, 0x0000000099a00000, 0x0000000099b00000|  0%| F|  |TAMS 0x0000000099a00000, 0x0000000099a00000| Untracked 
| 137|0x0000000099b00000, 0x0000000099b00000, 0x0000000099c00000|  0%| F|  |TAMS 0x0000000099b00000, 0x0000000099b00000| Untracked 
| 138|0x0000000099c00000, 0x0000000099c00000, 0x0000000099d00000|  0%| F|  |TAMS 0x0000000099c00000, 0x0000000099c00000| Untracked 
| 139|0x0000000099d00000, 0x0000000099d00000, 0x0000000099e00000|  0%| F|  |TAMS 0x0000000099d00000, 0x0000000099d00000| Untracked 
| 140|0x0000000099e00000, 0x0000000099e00000, 0x0000000099f00000|  0%| F|  |TAMS 0x0000000099e00000, 0x0000000099e00000| Untracked 
| 141|0x0000000099f00000, 0x0000000099f00000, 0x000000009a000000|  0%| F|  |TAMS 0x0000000099f00000, 0x0000000099f00000| Untracked 
| 142|0x000000009a000000, 0x000000009a000000, 0x000000009a100000|  0%| F|  |TAMS 0x000000009a000000, 0x000000009a000000| Untracked 
| 143|0x000000009a100000, 0x000000009a100000, 0x000000009a200000|  0%| F|  |TAMS 0x000000009a100000, 0x000000009a100000| Untracked 
| 144|0x000000009a200000, 0x000000009a200000, 0x000000009a300000|  0%| F|  |TAMS 0x000000009a200000, 0x000000009a200000| Untracked 
| 145|0x000000009a300000, 0x000000009a300000, 0x000000009a400000|  0%| F|  |TAMS 0x000000009a300000, 0x000000009a300000| Untracked 
| 146|0x000000009a400000, 0x000000009a400000, 0x000000009a500000|  0%| F|  |TAMS 0x000000009a400000, 0x000000009a400000| Untracked 
| 147|0x000000009a500000, 0x000000009a500000, 0x000000009a600000|  0%| F|  |TAMS 0x000000009a500000, 0x000000009a500000| Untracked 
| 148|0x000000009a600000, 0x000000009a600000, 0x000000009a700000|  0%| F|  |TAMS 0x000000009a600000, 0x000000009a600000| Untracked 
| 149|0x000000009a700000, 0x000000009a700000, 0x000000009a800000|  0%| F|  |TAMS 0x000000009a700000, 0x000000009a700000| Untracked 
| 150|0x000000009a800000, 0x000000009a800000, 0x000000009a900000|  0%| F|  |TAMS 0x000000009a800000, 0x000000009a800000| Untracked 
| 151|0x000000009a900000, 0x000000009a900000, 0x000000009aa00000|  0%| F|  |TAMS 0x000000009a900000, 0x000000009a900000| Untracked 
| 152|0x000000009aa00000, 0x000000009aa00000, 0x000000009ab00000|  0%| F|  |TAMS 0x000000009aa00000, 0x000000009aa00000| Untracked 
| 153|0x000000009ab00000, 0x000000009ab00000, 0x000000009ac00000|  0%| F|  |TAMS 0x000000009ab00000, 0x000000009ab00000| Untracked 
| 154|0x000000009ac00000, 0x000000009ac00000, 0x000000009ad00000|  0%| F|  |TAMS 0x000000009ac00000, 0x000000009ac00000| Untracked 
| 155|0x000000009ad00000, 0x000000009ad00000, 0x000000009ae00000|  0%| F|  |TAMS 0x000000009ad00000, 0x000000009ad00000| Untracked 
| 156|0x000000009ae00000, 0x000000009ae00000, 0x000000009af00000|  0%| F|  |TAMS 0x000000009ae00000, 0x000000009ae00000| Untracked 
| 157|0x000000009af00000, 0x000000009af00000, 0x000000009b000000|  0%| F|  |TAMS 0x000000009af00000, 0x000000009af00000| Untracked 
| 158|0x000000009b000000, 0x000000009b000000, 0x000000009b100000|  0%| F|  |TAMS 0x000000009b000000, 0x000000009b000000| Untracked 
| 159|0x000000009b100000, 0x000000009b100000, 0x000000009b200000|  0%| F|  |TAMS 0x000000009b100000, 0x000000009b100000| Untracked 
| 160|0x000000009b200000, 0x000000009b200000, 0x000000009b300000|  0%| F|  |TAMS 0x000000009b200000, 0x000000009b200000| Untracked 
| 161|0x000000009b300000, 0x000000009b300000, 0x000000009b400000|  0%| F|  |TAMS 0x000000009b300000, 0x000000009b300000| Untracked 
| 162|0x000000009b400000, 0x000000009b400000, 0x000000009b500000|  0%| F|  |TAMS 0x000000009b400000, 0x000000009b400000| Untracked 
| 163|0x000000009b500000, 0x000000009b500000, 0x000000009b600000|  0%| F|  |TAMS 0x000000009b500000, 0x000000009b500000| Untracked 
| 164|0x000000009b600000, 0x000000009b600000, 0x000000009b700000|  0%| F|  |TAMS 0x000000009b600000, 0x000000009b600000| Untracked 
| 165|0x000000009b700000, 0x000000009b700000, 0x000000009b800000|  0%| F|  |TAMS 0x000000009b700000, 0x000000009b700000| Untracked 
| 166|0x000000009b800000, 0x000000009b800000, 0x000000009b900000|  0%| F|  |TAMS 0x000000009b800000, 0x000000009b800000| Untracked 
| 167|0x000000009b900000, 0x000000009b900000, 0x000000009ba00000|  0%| F|  |TAMS 0x000000009b900000, 0x000000009b900000| Untracked 
| 168|0x000000009ba00000, 0x000000009ba00000, 0x000000009bb00000|  0%| F|  |TAMS 0x000000009ba00000, 0x000000009ba00000| Untracked 
| 169|0x000000009bb00000, 0x000000009bb00000, 0x000000009bc00000|  0%| F|  |TAMS 0x000000009bb00000, 0x000000009bb00000| Untracked 
| 170|0x000000009bc00000, 0x000000009bc00000, 0x000000009bd00000|  0%| F|  |TAMS 0x000000009bc00000, 0x000000009bc00000| Untracked 
| 171|0x000000009bd00000, 0x000000009bd00000, 0x000000009be00000|  0%| F|  |TAMS 0x000000009bd00000, 0x000000009bd00000| Untracked 
| 172|0x000000009be00000, 0x000000009be00000, 0x000000009bf00000|  0%| F|  |TAMS 0x000000009be00000, 0x000000009be00000| Untracked 
| 173|0x000000009bf00000, 0x000000009bf00000, 0x000000009c000000|  0%| F|  |TAMS 0x000000009bf00000, 0x000000009bf00000| Untracked 
| 174|0x000000009c000000, 0x000000009c000000, 0x000000009c100000|  0%| F|  |TAMS 0x000000009c000000, 0x000000009c000000| Untracked 
| 175|0x000000009c100000, 0x000000009c100000, 0x000000009c200000|  0%| F|  |TAMS 0x000000009c100000, 0x000000009c100000| Untracked 
| 176|0x000000009c200000, 0x000000009c200000, 0x000000009c300000|  0%| F|  |TAMS 0x000000009c200000, 0x000000009c200000| Untracked 
| 177|0x000000009c300000, 0x000000009c300000, 0x000000009c400000|  0%| F|  |TAMS 0x000000009c300000, 0x000000009c300000| Untracked 
| 178|0x000000009c400000, 0x000000009c400000, 0x000000009c500000|  0%| F|  |TAMS 0x000000009c400000, 0x000000009c400000| Untracked 
| 179|0x000000009c500000, 0x000000009c500000, 0x000000009c600000|  0%| F|  |TAMS 0x000000009c500000, 0x000000009c500000| Untracked 
| 180|0x000000009c600000, 0x000000009c600000, 0x000000009c700000|  0%| F|  |TAMS 0x000000009c600000, 0x000000009c600000| Untracked 
| 181|0x000000009c700000, 0x000000009c700000, 0x000000009c800000|  0%| F|  |TAMS 0x000000009c700000, 0x000000009c700000| Untracked 
| 182|0x000000009c800000, 0x000000009c800000, 0x000000009c900000|  0%| F|  |TAMS 0x000000009c800000, 0x000000009c800000| Untracked 
| 183|0x000000009c900000, 0x000000009c900000, 0x000000009ca00000|  0%| F|  |TAMS 0x000000009c900000, 0x000000009c900000| Untracked 
| 184|0x000000009ca00000, 0x000000009ca00800, 0x000000009cb00000|  0%| E|  |TAMS 0x000000009ca00000, 0x000000009ca00000| Complete 
| 185|0x000000009cb00000, 0x000000009cc00000, 0x000000009cc00000|100%| E|CS|TAMS 0x000000009cb00000, 0x000000009cb00000| Complete 
| 186|0x000000009cc00000, 0x000000009cd00000, 0x000000009cd00000|100%| E|CS|TAMS 0x000000009cc00000, 0x000000009cc00000| Complete 
| 187|0x000000009cd00000, 0x000000009ce00000, 0x000000009ce00000|100%| E|CS|TAMS 0x000000009cd00000, 0x000000009cd00000| Complete 
| 188|0x000000009ce00000, 0x000000009cf00000, 0x000000009cf00000|100%| E|CS|TAMS 0x000000009ce00000, 0x000000009ce00000| Complete 
| 189|0x000000009cf00000, 0x000000009d000000, 0x000000009d000000|100%| E|CS|TAMS 0x000000009cf00000, 0x000000009cf00000| Complete 
| 190|0x000000009d000000, 0x000000009d100000, 0x000000009d100000|100%| E|CS|TAMS 0x000000009d000000, 0x000000009d000000| Complete 
| 191|0x000000009d100000, 0x000000009d200000, 0x000000009d200000|100%| E|CS|TAMS 0x000000009d100000, 0x000000009d100000| Complete 
| 192|0x000000009d200000, 0x000000009d300000, 0x000000009d300000|100%| E|CS|TAMS 0x000000009d200000, 0x000000009d200000| Complete 
| 193|0x000000009d300000, 0x000000009d400000, 0x000000009d400000|100%| E|CS|TAMS 0x000000009d300000, 0x000000009d300000| Complete 
| 194|0x000000009d400000, 0x000000009d500000, 0x000000009d500000|100%| E|CS|TAMS 0x000000009d400000, 0x000000009d400000| Complete 
| 195|0x000000009d500000, 0x000000009d600000, 0x000000009d600000|100%| E|CS|TAMS 0x000000009d500000, 0x000000009d500000| Complete 
| 196|0x000000009d600000, 0x000000009d700000, 0x000000009d700000|100%| E|CS|TAMS 0x000000009d600000, 0x000000009d600000| Complete 
| 197|0x000000009d700000, 0x000000009d800000, 0x000000009d800000|100%| E|CS|TAMS 0x000000009d700000, 0x000000009d700000| Complete 
| 198|0x000000009d800000, 0x000000009d900000, 0x000000009d900000|100%| E|CS|TAMS 0x000000009d800000, 0x000000009d800000| Complete 
| 199|0x000000009d900000, 0x000000009da00000, 0x000000009da00000|100%| E|CS|TAMS 0x000000009d900000, 0x000000009d900000| Complete 
| 200|0x000000009da00000, 0x000000009db00000, 0x000000009db00000|100%| E|CS|TAMS 0x000000009da00000, 0x000000009da00000| Complete 
| 201|0x000000009db00000, 0x000000009dc00000, 0x000000009dc00000|100%| E|CS|TAMS 0x000000009db00000, 0x000000009db00000| Complete 
| 202|0x000000009dc00000, 0x000000009dd00000, 0x000000009dd00000|100%| E|CS|TAMS 0x000000009dc00000, 0x000000009dc00000| Complete 
| 203|0x000000009dd00000, 0x000000009de00000, 0x000000009de00000|100%| E|CS|TAMS 0x000000009dd00000, 0x000000009dd00000| Complete 
| 204|0x000000009de00000, 0x000000009df00000, 0x000000009df00000|100%| E|CS|TAMS 0x000000009de00000, 0x000000009de00000| Complete 
| 205|0x000000009df00000, 0x000000009e000000, 0x000000009e000000|100%| E|CS|TAMS 0x000000009df00000, 0x000000009df00000| Complete 
| 206|0x000000009e000000, 0x000000009e100000, 0x000000009e100000|100%| E|CS|TAMS 0x000000009e000000, 0x000000009e000000| Complete 
| 207|0x000000009e100000, 0x000000009e200000, 0x000000009e200000|100%| E|CS|TAMS 0x000000009e100000, 0x000000009e100000| Complete 
| 208|0x000000009e200000, 0x000000009e300000, 0x000000009e300000|100%| E|CS|TAMS 0x000000009e200000, 0x000000009e200000| Complete 
| 209|0x000000009e300000, 0x000000009e400000, 0x000000009e400000|100%| E|CS|TAMS 0x000000009e300000, 0x000000009e300000| Complete 
| 210|0x000000009e400000, 0x000000009e500000, 0x000000009e500000|100%| E|CS|TAMS 0x000000009e400000, 0x000000009e400000| Complete 
| 211|0x000000009e500000, 0x000000009e600000, 0x000000009e600000|100%| E|CS|TAMS 0x000000009e500000, 0x000000009e500000| Complete 
| 212|0x000000009e600000, 0x000000009e700000, 0x000000009e700000|100%| E|CS|TAMS 0x000000009e600000, 0x000000009e600000| Complete 
| 213|0x000000009e700000, 0x000000009e800000, 0x000000009e800000|100%| E|CS|TAMS 0x000000009e700000, 0x000000009e700000| Complete 
| 214|0x000000009e800000, 0x000000009e900000, 0x000000009e900000|100%| E|CS|TAMS 0x000000009e800000, 0x000000009e800000| Complete 
| 215|0x000000009e900000, 0x000000009ea00000, 0x000000009ea00000|100%| E|CS|TAMS 0x000000009e900000, 0x000000009e900000| Complete 

Card table byte_map: [0x000001cf5e370000,0x000001cf5e6f0000] _byte_map_base: 0x000001cf5dee7000

Marking Bits (Prev, Next): (CMBitMap*) 0x000001cf4b87e9b0, (CMBitMap*) 0x000001cf4b87e970
 Prev Bits: [0x000001cf60630000, 0x000001cf621e8000)
 Next Bits: [0x000001cf5ea70000, 0x000001cf60628000)

Polling page: 0x000001cf4afe0000

Metaspace:

Usage:
  Non-class:     28.65 MB used.
      Class:      3.36 MB used.
       Both:     32.01 MB used.

Virtual space:
  Non-class space:       64.00 MB reserved,      29.00 MB ( 45%) committed,  1 nodes.
      Class space:        1.00 GB reserved,       3.62 MB ( <1%) committed,  1 nodes.
             Both:        1.06 GB reserved,      32.62 MB (  3%) committed. 

Chunk freelists:
   Non-Class:  2.47 MB
       Class:  12.20 MB
        Both:  14.67 MB

MaxMetaspaceSize: unlimited
CompressedClassSpaceSize: 1.00 GB
Initial GC threshold: 21.00 MB
Current GC threshold: 35.12 MB
CDS: off
MetaspaceReclaimPolicy: balanced
 - commit_granule_bytes: 65536.
 - commit_granule_words: 8192.
 - virtual_space_node_default_size: 8388608.
 - enlarge_chunks_in_place: 1.
 - new_chunks_are_fully_committed: 0.
 - uncommit_free_chunks: 1.
 - use_allocation_guard: 0.
 - handle_deallocations: 1.


Internal statistics:

num_allocs_failed_limit: 3.
num_arena_births: 790.
num_arena_deaths: 0.
num_vsnodes_births: 2.
num_vsnodes_deaths: 0.
num_space_committed: 522.
num_space_uncommitted: 0.
num_chunks_returned_to_freelist: 3.
num_chunks_taken_from_freelist: 1548.
num_chunk_merges: 3.
num_chunk_splits: 1030.
num_chunks_enlarged: 693.
num_inconsistent_stats: 0.

CodeHeap 'non-profiled nmethods': size=120000Kb used=5567Kb max_used=5567Kb free=114433Kb
 bounds [0x000001cf569b0000, 0x000001cf56f20000, 0x000001cf5dee0000]
CodeHeap 'profiled nmethods': size=120000Kb used=12161Kb max_used=12161Kb free=107838Kb
 bounds [0x000001cf4eee0000, 0x000001cf4fad0000, 0x000001cf56410000]
CodeHeap 'non-nmethods': size=5760Kb used=1278Kb max_used=1325Kb free=4481Kb
 bounds [0x000001cf56410000, 0x000001cf56680000, 0x000001cf569b0000]
 total_blobs=6746 nmethods=6148 adapters=510
 compilation: enabled
              stopped_count=0, restarted_count=0
 full_count=0

Compilation events (20 events):
Event: 63.631 Thread 0x000001cf64bbae70 nmethod 7063 0x000001cf4fab4890 code [0x000001cf4fab4d00, 0x000001cf4fab7478]
Event: 63.631 Thread 0x000001cf64bbae70 7064       3       jdk.internal.math.FloatingDecimal$BinaryToASCIIBuffer::getChars (502 bytes)
Event: 63.632 Thread 0x000001cf64bbae70 nmethod 7064 0x000001cf4fab8590 code [0x000001cf4fab8820, 0x000001cf4fab9898]
Event: 63.633 Thread 0x000001cf64bacc60 7065       4       jdk.internal.math.FloatingDecimal$BinaryToASCIIBuffer::dtoa (1509 bytes)
Event: 63.653 Thread 0x000001cf64bbae70 7067       3       java.lang.Character::toUpperCase (6 bytes)
Event: 63.653 Thread 0x000001cf64bbae70 nmethod 7067 0x000001cf4fab9f10 code [0x000001cf4faba0c0, 0x000001cf4faba318]
Event: 63.653 Thread 0x000001cf64bbae70 7068       3       java.lang.Character::toUpperCase (9 bytes)
Event: 63.653 Thread 0x000001cf64bbae70 nmethod 7068 0x000001cf4faba410 code [0x000001cf4faba5c0, 0x000001cf4faba7b8]
Event: 63.702 Thread 0x000001cf64bbae70 7072       3       java.lang.invoke.TypeConvertingMethodAdapter::convertType (299 bytes)
Event: 63.704 Thread 0x000001cf64bbae70 nmethod 7072 0x000001cf4faba890 code [0x000001cf4fabaec0, 0x000001cf4fabe3c8]
Event: 63.743 Thread 0x000001cf64bacc60 nmethod 7065 0x000001cf56f15790 code [0x000001cf56f15c00, 0x000001cf56f1b020]
Event: 63.743 Thread 0x000001cf64bacc60 7066       4       jdk.internal.math.FloatingDecimal$BinaryToASCIIBuffer::getChars (502 bytes)
Event: 63.751 Thread 0x000001cf64bacc60 nmethod 7066 0x000001cf56f1e790 code [0x000001cf56f1e960, 0x000001cf56f1f478]
Event: 104.093 Thread 0x000001cf64bbae70 7074       3       java.io.BufferedWriter::ensureOpen (18 bytes)
Event: 104.094 Thread 0x000001cf64bbae70 nmethod 7074 0x000001cf4fabf510 code [0x000001cf4fabf6c0, 0x000001cf4fabf8c8]
Event: 104.118 Thread 0x000001cf64bbae70 7075       3       java.io.BufferedReader::readLine (7 bytes)
Event: 104.118 Thread 0x000001cf64bbae70 nmethod 7075 0x000001cf4fabf990 code [0x000001cf4fabfb40, 0x000001cf4fabfc88]
Event: 104.139 Thread 0x000001cf64bbae70 7076   !   3       java.io.BufferedReader::readLine (327 bytes)
Event: 104.142 Thread 0x000001cf64bbae70 nmethod 7076 0x000001cf4fabfd10 code [0x000001cf4fac0020, 0x000001cf4fac1318]
Event: 104.153 Thread 0x000001cf64bacc60 7077  s    4       java.io.BufferedInputStream::read (113 bytes)

GC Heap History (20 events):
Event: 61.885 GC heap before
{Heap before GC invocations=219 (full 0):
 garbage-first heap   total 221184K, used 177861K [0x0000000091200000, 0x0000000100000000)
  region size 1024K, 129 young (132096K), 4 survivors (4096K)
 Metaspace       used 32588K, committed 33152K, reserved 1114112K
  class space    used 3419K, committed 3648K, reserved 1048576K
}
Event: 61.888 GC heap after
{Heap after GC invocations=220 (full 0):
 garbage-first heap   total 221184K, used 48767K [0x0000000091200000, 0x0000000100000000)
  region size 1024K, 4 young (4096K), 4 survivors (4096K)
 Metaspace       used 32588K, committed 33152K, reserved 1114112K
  class space    used 3419K, committed 3648K, reserved 1048576K
}
Event: 62.092 GC heap before
{Heap before GC invocations=220 (full 0):
 garbage-first heap   total 221184K, used 177791K [0x0000000091200000, 0x0000000100000000)
  region size 1024K, 129 young (132096K), 4 survivors (4096K)
 Metaspace       used 32591K, committed 33152K, reserved 1114112K
  class space    used 3419K, committed 3648K, reserved 1048576K
}
Event: 62.094 GC heap after
{Heap after GC invocations=221 (full 0):
 garbage-first heap   total 221184K, used 48810K [0x0000000091200000, 0x0000000100000000)
  region size 1024K, 4 young (4096K), 4 survivors (4096K)
 Metaspace       used 32591K, committed 33152K, reserved 1114112K
  class space    used 3419K, committed 3648K, reserved 1048576K
}
Event: 62.276 GC heap before
{Heap before GC invocations=221 (full 0):
 garbage-first heap   total 221184K, used 177834K [0x0000000091200000, 0x0000000100000000)
  region size 1024K, 129 young (132096K), 4 survivors (4096K)
 Metaspace       used 32591K, committed 33152K, reserved 1114112K
  class space    used 3419K, committed 3648K, reserved 1048576K
}
Event: 62.279 GC heap after
{Heap after GC invocations=222 (full 0):
 garbage-first heap   total 221184K, used 48851K [0x0000000091200000, 0x0000000100000000)
  region size 1024K, 4 young (4096K), 4 survivors (4096K)
 Metaspace       used 32591K, committed 33152K, reserved 1114112K
  class space    used 3419K, committed 3648K, reserved 1048576K
}
Event: 62.466 GC heap before
{Heap before GC invocations=222 (full 0):
 garbage-first heap   total 221184K, used 177875K [0x0000000091200000, 0x0000000100000000)
  region size 1024K, 129 young (132096K), 4 survivors (4096K)
 Metaspace       used 32592K, committed 33152K, reserved 1114112K
  class space    used 3419K, committed 3648K, reserved 1048576K
}
Event: 62.469 GC heap after
{Heap after GC invocations=223 (full 0):
 garbage-first heap   total 221184K, used 48997K [0x0000000091200000, 0x0000000100000000)
  region size 1024K, 4 young (4096K), 4 survivors (4096K)
 Metaspace       used 32592K, committed 33152K, reserved 1114112K
  class space    used 3419K, committed 3648K, reserved 1048576K
}
Event: 62.668 GC heap before
{Heap before GC invocations=223 (full 0):
 garbage-first heap   total 221184K, used 178021K [0x0000000091200000, 0x0000000100000000)
  region size 1024K, 129 young (132096K), 4 survivors (4096K)
 Metaspace       used 32593K, committed 33152K, reserved 1114112K
  class space    used 3419K, committed 3648K, reserved 1048576K
}
Event: 62.671 GC heap after
{Heap after GC invocations=224 (full 0):
 garbage-first heap   total 221184K, used 49038K [0x0000000091200000, 0x0000000100000000)
  region size 1024K, 4 young (4096K), 4 survivors (4096K)
 Metaspace       used 32593K, committed 33152K, reserved 1114112K
  class space    used 3419K, committed 3648K, reserved 1048576K
}
Event: 62.862 GC heap before
{Heap before GC invocations=224 (full 0):
 garbage-first heap   total 221184K, used 178062K [0x0000000091200000, 0x0000000100000000)
  region size 1024K, 129 young (132096K), 4 survivors (4096K)
 Metaspace       used 32593K, committed 33152K, reserved 1114112K
  class space    used 3419K, committed 3648K, reserved 1048576K
}
Event: 62.865 GC heap after
{Heap after GC invocations=225 (full 0):
 garbage-first heap   total 221184K, used 49078K [0x0000000091200000, 0x0000000100000000)
  region size 1024K, 4 young (4096K), 4 survivors (4096K)
 Metaspace       used 32593K, committed 33152K, reserved 1114112K
  class space    used 3419K, committed 3648K, reserved 1048576K
}
Event: 63.059 GC heap before
{Heap before GC invocations=225 (full 0):
 garbage-first heap   total 221184K, used 178102K [0x0000000091200000, 0x0000000100000000)
  region size 1024K, 129 young (132096K), 4 survivors (4096K)
 Metaspace       used 32596K, committed 33152K, reserved 1114112K
  class space    used 3419K, committed 3648K, reserved 1048576K
}
Event: 63.062 GC heap after
{Heap after GC invocations=226 (full 0):
 garbage-first heap   total 221184K, used 49011K [0x0000000091200000, 0x0000000100000000)
  region size 1024K, 4 young (4096K), 4 survivors (4096K)
 Metaspace       used 32596K, committed 33152K, reserved 1114112K
  class space    used 3419K, committed 3648K, reserved 1048576K
}
Event: 63.253 GC heap before
{Heap before GC invocations=226 (full 0):
 garbage-first heap   total 221184K, used 178035K [0x0000000091200000, 0x0000000100000000)
  region size 1024K, 129 young (132096K), 4 survivors (4096K)
 Metaspace       used 32596K, committed 33152K, reserved 1114112K
  class space    used 3419K, committed 3648K, reserved 1048576K
}
Event: 63.255 GC heap after
{Heap after GC invocations=227 (full 0):
 garbage-first heap   total 221184K, used 49267K [0x0000000091200000, 0x0000000100000000)
  region size 1024K, 4 young (4096K), 4 survivors (4096K)
 Metaspace       used 32596K, committed 33152K, reserved 1114112K
  class space    used 3419K, committed 3648K, reserved 1048576K
}
Event: 63.440 GC heap before
{Heap before GC invocations=227 (full 0):
 garbage-first heap   total 221184K, used 178291K [0x0000000091200000, 0x0000000100000000)
  region size 1024K, 129 young (132096K), 4 survivors (4096K)
 Metaspace       used 32597K, committed 33152K, reserved 1114112K
  class space    used 3419K, committed 3648K, reserved 1048576K
}
Event: 63.443 GC heap after
{Heap after GC invocations=228 (full 0):
 garbage-first heap   total 221184K, used 49202K [0x0000000091200000, 0x0000000100000000)
  region size 1024K, 4 young (4096K), 4 survivors (4096K)
 Metaspace       used 32597K, committed 33152K, reserved 1114112K
  class space    used 3419K, committed 3648K, reserved 1048576K
}
Event: 63.623 GC heap before
{Heap before GC invocations=228 (full 0):
 garbage-first heap   total 221184K, used 178226K [0x0000000091200000, 0x0000000100000000)
  region size 1024K, 129 young (132096K), 4 survivors (4096K)
 Metaspace       used 32598K, committed 33152K, reserved 1114112K
  class space    used 3419K, committed 3648K, reserved 1048576K
}
Event: 63.625 GC heap after
{Heap after GC invocations=229 (full 0):
 garbage-first heap   total 221184K, used 49239K [0x0000000091200000, 0x0000000100000000)
  region size 1024K, 4 young (4096K), 4 survivors (4096K)
 Metaspace       used 32598K, committed 33152K, reserved 1114112K
  class space    used 3419K, committed 3648K, reserved 1048576K
}

Dll operation events (7 events):
Event: 0.005 Loaded shared library C:\Users\vmmor\.p2\pool\plugins\org.eclipse.justj.openjdk.hotspot.jre.full.win32.x86_64_17.0.8.v20230831-1047\jre\bin\java.dll
Event: 0.150 Loaded shared library C:\Users\vmmor\.p2\pool\plugins\org.eclipse.justj.openjdk.hotspot.jre.full.win32.x86_64_17.0.8.v20230831-1047\jre\bin\net.dll
Event: 0.152 Loaded shared library C:\Users\vmmor\.p2\pool\plugins\org.eclipse.justj.openjdk.hotspot.jre.full.win32.x86_64_17.0.8.v20230831-1047\jre\bin\nio.dll
Event: 0.160 Loaded shared library C:\Users\vmmor\.p2\pool\plugins\org.eclipse.justj.openjdk.hotspot.jre.full.win32.x86_64_17.0.8.v20230831-1047\jre\bin\zip.dll
Event: 0.281 Loaded shared library C:\Users\vmmor\.p2\pool\plugins\org.eclipse.justj.openjdk.hotspot.jre.full.win32.x86_64_17.0.8.v20230831-1047\jre\bin\jimage.dll
Event: 0.330 Loaded shared library C:\Users\vmmor\.p2\pool\plugins\org.eclipse.justj.openjdk.hotspot.jre.full.win32.x86_64_17.0.8.v20230831-1047\jre\bin\verify.dll
Event: 2.084 Loaded shared library C:\Users\vmmor\AppData\Local\Temp\fmi4j_dll15655899777102424742\fmi4j-import.dll

Deoptimization events (20 events):
Event: 91.543 Thread 0x000001cf4b82a4a0 Uncommon trap: trap_request=0xffffffde fr.pc=0x000001cf56ed6598 relative=0x0000000000000078
Event: 91.543 Thread 0x000001cf4b82a4a0 Uncommon trap: reason=class_check action=maybe_recompile pc=0x000001cf56ed6598 method=java.io.Writer.write(Ljava/lang/String;)V @ 7 c2
Event: 91.543 Thread 0x000001cf4b82a4a0 DEOPT PACKING pc=0x000001cf56ed6598 sp=0x00000007fd7fee30
Event: 91.543 Thread 0x000001cf4b82a4a0 DEOPT UNPACKING pc=0x000001cf564669a3 sp=0x00000007fd7fedb8 mode 2
Event: 91.543 Thread 0x000001cf4b82a4a0 Uncommon trap: trap_request=0xffffffde fr.pc=0x000001cf56b4772c relative=0x000000000000118c
Event: 91.543 Thread 0x000001cf4b82a4a0 Uncommon trap: reason=class_check action=maybe_recompile pc=0x000001cf56b4772c method=java.io.BufferedInputStream.read1([BII)I @ 39 c2
Event: 91.543 Thread 0x000001cf4b82a4a0 DEOPT PACKING pc=0x000001cf56b4772c sp=0x00000007fd7fecf0
Event: 91.543 Thread 0x000001cf4b82a4a0 DEOPT UNPACKING pc=0x000001cf564669a3 sp=0x00000007fd7fec38 mode 2
Event: 104.091 Thread 0x000001cf4b82a4a0 Uncommon trap: trap_request=0xffffffde fr.pc=0x000001cf56b4772c relative=0x000000000000118c
Event: 104.091 Thread 0x000001cf4b82a4a0 Uncommon trap: reason=class_check action=maybe_recompile pc=0x000001cf56b4772c method=java.io.BufferedInputStream.read1([BII)I @ 39 c2
Event: 104.091 Thread 0x000001cf4b82a4a0 DEOPT PACKING pc=0x000001cf56b4772c sp=0x00000007fd7fecf0
Event: 104.091 Thread 0x000001cf4b82a4a0 DEOPT UNPACKING pc=0x000001cf564669a3 sp=0x00000007fd7fec38 mode 2
Event: 104.093 Thread 0x000001cf4b82a4a0 Uncommon trap: trap_request=0xffffffde fr.pc=0x000001cf56b4772c relative=0x000000000000118c
Event: 104.093 Thread 0x000001cf4b82a4a0 Uncommon trap: reason=class_check action=maybe_recompile pc=0x000001cf56b4772c method=java.io.BufferedInputStream.read1([BII)I @ 39 c2
Event: 104.093 Thread 0x000001cf4b82a4a0 DEOPT PACKING pc=0x000001cf56b4772c sp=0x00000007fd7fecf0
Event: 104.093 Thread 0x000001cf4b82a4a0 DEOPT UNPACKING pc=0x000001cf564669a3 sp=0x00000007fd7fec38 mode 2
Event: 104.097 Thread 0x000001cf4b82a4a0 Uncommon trap: trap_request=0xffffffde fr.pc=0x000001cf56b40d30 relative=0x00000000000006f0
Event: 104.097 Thread 0x000001cf4b82a4a0 Uncommon trap: reason=class_check action=maybe_recompile pc=0x000001cf56b40d30 method=java.io.BufferedInputStream.read1([BII)I @ 39 c2
Event: 104.097 Thread 0x000001cf4b82a4a0 DEOPT PACKING pc=0x000001cf56b40d30 sp=0x00000007fd7fec50
Event: 104.097 Thread 0x000001cf4b82a4a0 DEOPT UNPACKING pc=0x000001cf564669a3 sp=0x00000007fd7fec28 mode 2

Classes unloaded (0 events):
No events

Classes redefined (0 events):
No events

Internal exceptions (20 events):
Event: 16.941 Thread 0x000001cf4b82a4a0 Exception <a 'java/lang/ClassCastException'{0x000000009812b7c8}> (0x000000009812b7c8) 
thrown [s\src\hotspot\share\runtime\sharedRuntime.cpp, line 628]
Event: 17.000 Thread 0x000001cf4b82a4a0 Exception <a 'java/lang/ClassCastException'{0x000000009e543720}> (0x000000009e543720) 
thrown [s\src\hotspot\share\runtime\sharedRuntime.cpp, line 628]
Event: 17.051 Thread 0x000001cf4b82a4a0 Exception <a 'java/lang/ClassCastException'{0x000000009ce569f8}> (0x000000009ce569f8) 
thrown [s\src\hotspot\share\runtime\sharedRuntime.cpp, line 628]
Event: 17.110 Thread 0x000001cf4b82a4a0 Exception <a 'java/lang/ClassCastException'{0x000000009b768a00}> (0x000000009b768a00) 
thrown [s\src\hotspot\share\runtime\sharedRuntime.cpp, line 628]
Event: 17.165 Thread 0x000001cf4b82a4a0 Exception <a 'java/lang/ClassCastException'{0x000000009a077240}> (0x000000009a077240) 
thrown [s\src\hotspot\share\runtime\sharedRuntime.cpp, line 628]
Event: 17.221 Thread 0x000001cf4b82a4a0 Exception <a 'java/lang/ClassCastException'{0x0000000098988238}> (0x0000000098988238) 
thrown [s\src\hotspot\share\runtime\sharedRuntime.cpp, line 628]
Event: 17.273 Thread 0x000001cf4b82a4a0 Exception <a 'java/lang/ClassCastException'{0x0000000097297290}> (0x0000000097297290) 
thrown [s\src\hotspot\share\runtime\sharedRuntime.cpp, line 628]
Event: 17.329 Thread 0x000001cf4b82a4a0 Exception <a 'java/lang/ClassCastException'{0x000000009d3a9230}> (0x000000009d3a9230) 
thrown [s\src\hotspot\share\runtime\sharedRuntime.cpp, line 628]
Event: 17.381 Thread 0x000001cf4b82a4a0 Exception <a 'java/lang/ClassCastException'{0x000000009bcbc7e8}> (0x000000009bcbc7e8) 
thrown [s\src\hotspot\share\runtime\sharedRuntime.cpp, line 628]
Event: 41.335 Thread 0x000001cf4b82a4a0 Implicit null exception at 0x000001cf56e2c860 to 0x000001cf56e2dc1c
Event: 41.336 Thread 0x000001cf4b82a4a0 Implicit null exception at 0x000001cf56e2c860 to 0x000001cf56e2dc1c
Event: 41.336 Thread 0x000001cf4b82a4a0 Implicit null exception at 0x000001cf56e2c860 to 0x000001cf56e2dc1c
Event: 41.398 Thread 0x000001cf4b82a4a0 Implicit null exception at 0x000001cf56e2c860 to 0x000001cf56e2dc1c
Event: 58.067 Thread 0x000001cf4b82a4a0 Implicit null exception at 0x000001cf56dcf472 to 0x000001cf56dcfabc
Event: 63.698 Thread 0x000001cf4b82a4a0 Exception <a 'java/lang/NoSuchMethodError'{0x000000009cba73b8}: 'void java.lang.invoke.DirectMethodHandle$Holder.invokeStatic(java.lang.Object, long)'> (0x000000009cba73b8) 
thrown [s\src\hotspot\share\interpreter\linkResolver.cpp, line 759]
Event: 63.698 Thread 0x000001cf4b82a4a0 Exception <a 'java/lang/NoSuchMethodError'{0x000000009cbac760}: 'java.lang.Object java.lang.invoke.DirectMethodHandle$Holder.newInvokeSpecial(java.lang.Object, long)'> (0x000000009cbac760) 
thrown [s\src\hotspot\share\interpreter\linkResolver.cpp, line 759]
Event: 63.702 Thread 0x000001cf4b82a4a0 Exception <a 'java/lang/NoSuchMethodError'{0x000000009cbb3668}: 'java.lang.Object java.lang.invoke.DirectMethodHandle$Holder.invokeStatic(java.lang.Object, java.lang.Object, long, java.lang.Object)'> (0x000000009cbb3668) 
thrown [s\src\hotspot\share\interpreter\linkResolver.cpp, line 759]
Event: 63.702 Thread 0x000001cf4b82a4a0 Exception <a 'java/lang/NoSuchMethodError'{0x000000009cbb6e58}: 'java.lang.Object java.lang.invoke.DirectMethodHandle$Holder.invokeStaticInit(java.lang.Object, java.lang.Object, long, java.lang.Object)'> (0x000000009cbb6e58) 
thrown [s\src\hotspot\share\interpreter\linkResolver.cpp, line 759]
Event: 63.702 Thread 0x000001cf4b82a4a0 Exception <a 'java/lang/NoSuchMethodError'{0x000000009cbbd1c0}: 'java.lang.Object java.lang.invoke.DirectMethodHandle$Holder.newInvokeSpecial(java.lang.Object, java.lang.Object, long)'> (0x000000009cbbd1c0) 
thrown [s\src\hotspot\share\interpreter\linkResolver.cpp, line 759]
Event: 63.702 Thread 0x000001cf4b82a4a0 Exception <a 'java/lang/NoSuchMethodError'{0x000000009cbc0c00}: 'java.lang.Object java.lang.invoke.Invokers$Holder.linkToTargetMethod(java.lang.Object, long, java.lang.Object)'> (0x000000009cbc0c00) 
thrown [s\src\hotspot\share\interpreter\linkResolver.cpp, line 759]

VM Operations (20 events):
Event: 62.466 Executing VM operation: G1CollectForAllocation
Event: 62.469 Executing VM operation: G1CollectForAllocation done
Event: 62.668 Executing VM operation: G1CollectForAllocation
Event: 62.671 Executing VM operation: G1CollectForAllocation done
Event: 62.862 Executing VM operation: G1CollectForAllocation
Event: 62.865 Executing VM operation: G1CollectForAllocation done
Event: 63.059 Executing VM operation: G1CollectForAllocation
Event: 63.062 Executing VM operation: G1CollectForAllocation done
Event: 63.253 Executing VM operation: G1CollectForAllocation
Event: 63.255 Executing VM operation: G1CollectForAllocation done
Event: 63.440 Executing VM operation: G1CollectForAllocation
Event: 63.443 Executing VM operation: G1CollectForAllocation done
Event: 63.623 Executing VM operation: G1CollectForAllocation
Event: 63.625 Executing VM operation: G1CollectForAllocation done
Event: 63.705 Executing VM operation: HandshakeAllThreads
Event: 63.705 Executing VM operation: HandshakeAllThreads done
Event: 64.718 Executing VM operation: Cleanup
Event: 64.718 Executing VM operation: Cleanup done
Event: 91.925 Executing VM operation: Cleanup
Event: 91.925 Executing VM operation: Cleanup done

Events (20 events):
Event: 63.701 loading class jdk/internal/util/random/RandomSupport
Event: 63.701 loading class jdk/internal/util/random/RandomSupport done
Event: 63.702 loading class java/util/concurrent/SynchronousQueue
Event: 63.703 loading class java/util/concurrent/SynchronousQueue done
Event: 63.703 loading class java/util/concurrent/SynchronousQueue$TransferStack
Event: 63.703 loading class java/util/concurrent/SynchronousQueue$Transferer
Event: 63.704 loading class java/util/concurrent/SynchronousQueue$Transferer done
Event: 63.704 loading class java/util/concurrent/SynchronousQueue$TransferStack done
Event: 63.704 loading class java/util/concurrent/SynchronousQueue$TransferStack$SNode
Event: 63.704 loading class java/util/concurrent/ForkJoinPool$ManagedBlocker
Event: 63.704 loading class java/util/concurrent/ForkJoinPool$ManagedBlocker done
Event: 63.704 loading class java/util/concurrent/SynchronousQueue$TransferStack$SNode done
Event: 63.704 loading class java/lang/ProcessImpl$2
Event: 63.704 loading class java/lang/ProcessImpl$2 done
Event: 63.704 loading class java/lang/Process$PipeInputStream
Event: 63.704 loading class java/lang/Process$PipeInputStream done
Event: 63.706 loading class java/lang/ProcessBuilder$NullInputStream
Event: 63.706 loading class java/lang/ProcessBuilder$NullInputStream done
Event: 63.706 loading class jdk/internal/event/ProcessStartEvent
Event: 63.706 loading class jdk/internal/event/ProcessStartEvent done


Dynamic libraries:
0x00007ff649f60000 - 0x00007ff649f6e000 	C:\Users\vmmor\.p2\pool\plugins\org.eclipse.justj.openjdk.hotspot.jre.full.win32.x86_64_17.0.8.v20230831-1047\jre\bin\javaw.exe
0x00007ff85af70000 - 0x00007ff85b168000 	C:\Windows\SYSTEM32\ntdll.dll
0x00007ff85acd0000 - 0x00007ff85ad8d000 	C:\Windows\System32\KERNEL32.DLL
0x00007ff8589a0000 - 0x00007ff858c96000 	C:\Windows\System32\KERNELBASE.dll
0x00007ff858d90000 - 0x00007ff858e90000 	C:\Windows\System32\ucrtbase.dll
0x00007ff855610000 - 0x00007ff855629000 	C:\Users\vmmor\.p2\pool\plugins\org.eclipse.justj.openjdk.hotspot.jre.full.win32.x86_64_17.0.8.v20230831-1047\jre\bin\VCRUNTIME140.dll
0x00007ff853c80000 - 0x00007ff853c97000 	C:\Users\vmmor\.p2\pool\plugins\org.eclipse.justj.openjdk.hotspot.jre.full.win32.x86_64_17.0.8.v20230831-1047\jre\bin\jli.dll
0x00007ff85a180000 - 0x00007ff85a31f000 	C:\Windows\System32\USER32.dll
0x00007ff858ca0000 - 0x00007ff858cc2000 	C:\Windows\System32\win32u.dll
0x00007ff8493d0000 - 0x00007ff84966a000 	C:\Windows\WinSxS\amd64_microsoft.windows.common-controls_6595b64144ccf1df_6.0.19041.4355_none_60b8b9eb71f62e16\COMCTL32.dll
0x00007ff859c10000 - 0x00007ff859c3b000 	C:\Windows\System32\GDI32.dll
0x00007ff858e90000 - 0x00007ff858fa7000 	C:\Windows\System32\gdi32full.dll
0x00007ff858900000 - 0x00007ff85899d000 	C:\Windows\System32\msvcp_win.dll
0x00007ff858fc0000 - 0x00007ff85905e000 	C:\Windows\System32\msvcrt.dll
0x00007ff85af00000 - 0x00007ff85af2f000 	C:\Windows\System32\IMM32.DLL
0x00007ff855570000 - 0x00007ff85557c000 	C:\Users\vmmor\.p2\pool\plugins\org.eclipse.justj.openjdk.hotspot.jre.full.win32.x86_64_17.0.8.v20230831-1047\jre\bin\vcruntime140_1.dll
0x00007ff848830000 - 0x00007ff8488c1000 	C:\Users\vmmor\.p2\pool\plugins\org.eclipse.justj.openjdk.hotspot.jre.full.win32.x86_64_17.0.8.v20230831-1047\jre\bin\msvcp140.dll
0x00007ff8366d0000 - 0x00007ff83731c000 	C:\Users\vmmor\.p2\pool\plugins\org.eclipse.justj.openjdk.hotspot.jre.full.win32.x86_64_17.0.8.v20230831-1047\jre\bin\server\jvm.dll
0x00007ff85a030000 - 0x00007ff85a0e0000 	C:\Windows\System32\ADVAPI32.dll
0x00007ff85a0e0000 - 0x00007ff85a180000 	C:\Windows\System32\sechost.dll
0x00007ff85aab0000 - 0x00007ff85abd3000 	C:\Windows\System32\RPCRT4.dll
0x00007ff858d60000 - 0x00007ff858d87000 	C:\Windows\System32\bcrypt.dll
0x00007ff858480000 - 0x00007ff8584cb000 	C:\Windows\SYSTEM32\POWRPROF.dll
0x00007ff841610000 - 0x00007ff841637000 	C:\Windows\SYSTEM32\WINMM.dll
0x00007ff855cb0000 - 0x00007ff855cb9000 	C:\Windows\SYSTEM32\WSOCK32.dll
0x00007ff8530c0000 - 0x00007ff8530ca000 	C:\Windows\SYSTEM32\VERSION.dll
0x00007ff85ad90000 - 0x00007ff85adfb000 	C:\Windows\System32\WS2_32.dll
0x00007ff858460000 - 0x00007ff858472000 	C:\Windows\SYSTEM32\UMPDC.dll
0x00007ff8564b0000 - 0x00007ff8564c2000 	C:\Windows\SYSTEM32\kernel.appcore.dll
0x00007ff855560000 - 0x00007ff85556a000 	C:\Users\vmmor\.p2\pool\plugins\org.eclipse.justj.openjdk.hotspot.jre.full.win32.x86_64_17.0.8.v20230831-1047\jre\bin\jimage.dll
0x00007ff847310000 - 0x00007ff8474f4000 	C:\Windows\SYSTEM32\DBGHELP.DLL
0x00007ff84ae10000 - 0x00007ff84ae44000 	C:\Windows\SYSTEM32\dbgcore.DLL
0x00007ff858cd0000 - 0x00007ff858d52000 	C:\Windows\System32\bcryptPrimitives.dll
0x00007ff853bf0000 - 0x00007ff853c15000 	C:\Users\vmmor\.p2\pool\plugins\org.eclipse.justj.openjdk.hotspot.jre.full.win32.x86_64_17.0.8.v20230831-1047\jre\bin\java.dll
0x00007ff853bc0000 - 0x00007ff853bd8000 	C:\Users\vmmor\.p2\pool\plugins\org.eclipse.justj.openjdk.hotspot.jre.full.win32.x86_64_17.0.8.v20230831-1047\jre\bin\zip.dll
0x00007ff85a340000 - 0x00007ff85aaac000 	C:\Windows\System32\SHELL32.dll
0x00007ff8566b0000 - 0x00007ff856e4d000 	C:\Windows\SYSTEM32\windows.storage.dll
0x00007ff859210000 - 0x00007ff859563000 	C:\Windows\System32\combase.dll
0x00007ff857f80000 - 0x00007ff857fae000 	C:\Windows\SYSTEM32\Wldp.dll
0x00007ff859f60000 - 0x00007ff85a02d000 	C:\Windows\System32\OLEAUT32.dll
0x00007ff859d20000 - 0x00007ff859dcd000 	C:\Windows\System32\SHCORE.dll
0x00007ff859f00000 - 0x00007ff859f55000 	C:\Windows\System32\shlwapi.dll
0x00007ff858560000 - 0x00007ff858584000 	C:\Windows\SYSTEM32\profapi.dll
0x00007ff853600000 - 0x00007ff853619000 	C:\Users\vmmor\.p2\pool\plugins\org.eclipse.justj.openjdk.hotspot.jre.full.win32.x86_64_17.0.8.v20230831-1047\jre\bin\net.dll
0x00007ff851740000 - 0x00007ff85184a000 	C:\Windows\SYSTEM32\WINHTTP.dll
0x00007ff857ce0000 - 0x00007ff857d4a000 	C:\Windows\system32\mswsock.dll
0x00007ff853500000 - 0x00007ff853515000 	C:\Users\vmmor\.p2\pool\plugins\org.eclipse.justj.openjdk.hotspot.jre.full.win32.x86_64_17.0.8.v20230831-1047\jre\bin\nio.dll
0x00007ff853cf0000 - 0x00007ff853d00000 	C:\Users\vmmor\.p2\pool\plugins\org.eclipse.justj.openjdk.hotspot.jre.full.win32.x86_64_17.0.8.v20230831-1047\jre\bin\verify.dll
0x00007ff857ed0000 - 0x00007ff857ee8000 	C:\Windows\SYSTEM32\CRYPTSP.dll
0x00007ff857600000 - 0x00007ff857634000 	C:\Windows\system32\rsaenh.dll
0x00007ff8584d0000 - 0x00007ff8584fe000 	C:\Windows\SYSTEM32\USERENV.dll
0x00007ff857ef0000 - 0x00007ff857efc000 	C:\Windows\SYSTEM32\CRYPTBASE.dll
0x00007ff8579c0000 - 0x00007ff8579fb000 	C:\Windows\SYSTEM32\IPHLPAPI.DLL
0x00007ff85ae00000 - 0x00007ff85ae08000 	C:\Windows\System32\NSI.dll
0x00007ff8535d0000 - 0x00007ff8535e7000 	C:\Windows\SYSTEM32\dhcpcsvc6.DLL
0x00007ff8534e0000 - 0x00007ff8534fd000 	C:\Windows\SYSTEM32\dhcpcsvc.DLL
0x00007ff857a00000 - 0x00007ff857aca000 	C:\Windows\SYSTEM32\DNSAPI.dll
0x00007ff847e60000 - 0x00007ff847f7d000 	C:\Users\vmmor\AppData\Local\Temp\fmi4j_dll15655899777102424742\fmi4j-import.dll
0x0000000008000000 - 0x000000000801e000 	C:\Users\vmmor\AppData\Local\Temp\fmi4j_BEV_5in_9out3408679559917614194\binaries\win64\BEV.dll

dbghelp: loaded successfully - version: 4.0.5 - missing functions: none
symbol engine: initialized successfully - sym options: 0x614 - pdb path: .;C:\Users\vmmor\.p2\pool\plugins\org.eclipse.justj.openjdk.hotspot.jre.full.win32.x86_64_17.0.8.v20230831-1047\jre\bin;C:\Windows\SYSTEM32;C:\Windows\WinSxS\amd64_microsoft.windows.common-controls_6595b64144ccf1df_6.0.19041.4355_none_60b8b9eb71f62e16;C:\Users\vmmor\.p2\pool\plugins\org.eclipse.justj.openjdk.hotspot.jre.full.win32.x86_64_17.0.8.v20230831-1047\jre\bin\server;C:\Users\vmmor\AppData\Local\Temp\fmi4j_dll15655899777102424742;C:\Users\vmmor\AppData\Local\Temp\fmi4j_BEV_5in_9out3408679559917614194\binaries\win64

VM Arguments:
jvm_args: --add-opens=java.base/java.util=ALL-UNNAMED -Dfile.encoding=UTF-8 -XX:+ShowCodeDetailsInExceptionMessages 
java_command: momot.search.batteryFMU
java_class_path (initial): C:\Users\vmmor\eclipse-plain\ConfigurationModule\target\classes;C:\Users\vmmor\eclipse-plain\ConfigurationModule\target\test-classes;C:\Users\vmmor\.p2\pool\plugins\org.osgi.annotation.versioning_1.1.2.202109301733.jar;C:\Users\vmmor\.p2\pool\plugins\org.osgi.annotation.bundle_2.0.0.202202082230.jar;C:\Users\vmmor\.p2\pool\plugins\org.osgi.service.component.annotations_1.5.1.202212101352.jar;C:\Users\vmmor\.p2\pool\plugins\org.osgi.service.metatype.annotations_1.4.1.202109301733.jar;C:\Users\vmmor\.p2\pool\plugins\org.eclipse.core.runtime_3.27.0.v20230515-1719.jar;C:\Users\vmmor\.p2\pool\plugins\org.eclipse.osgi_3.18.400.v20230509-2241.jar;C:\Users\vmmor\.p2\pool\plugins\org.eclipse.osgi.compatibility.state_1.2.800.v20221116-1440.jar;C:\Users\vmmor\.p2\pool\plugins\org.eclipse.equinox.common_3.18.0.v20230523-2142.jar;C:\Users\vmmor\.p2\pool\plugins\org.eclipse.core.jobs_3.14.0.v20230317-0901.jar;C:\Users\vmmor\.p2\pool\plugins\org.eclipse.equinox.registry_3.11.200.v20220817-1601.jar;C:\Users\vmmor\.p2\pool\plugins\org.eclipse.equinox.preferences_3.10.200.v20230120-0604.jar;C:\Users\vmmor\.p2\pool\plugins\org.osgi.service.prefs_1.1.2.202109301733.jar;C:\Users\vmmor\.p2\pool\plugins\org.eclipse.core.contenttype_3.9.0.v20230412-0829.jar;C:\Users\vmmor\.p2\pool\plugins\org.eclipse.equinox.app_1.6.200.v20220720-2012.jar;C:\Users\vmmor\.p2\pool\plugins\org.eclipse.emf.ecore_2.34.0.v20230406-1203.jar;C:\Users\vmmor\.p2\pool\plugins\org.eclipse.emf.common_2.28.0.v20230315-1321.jar;C:\Users\vmmor\.p2\pool\plugins\org.eclipse.emf.ecore.xmi_2.18.0.v20230211-1150.jar;C:\Users\vmmor\.p2\pool\plugins\org.eclipse.xtend.lib_2.31.0.v20230529-0659.jar;C:\Users\vmmor\.p2\pool\plugins\org.eclipse.xtext.xbase.lib_2.31.0.v20230529-0659.jar;C:\Users\vmmor\.p2\pool\plugins\com.google.guava_30.1.0.v20221112-0806.jar;C:\Users\vmmor\.p2\pool\plugins\org.eclipse.xtend.lib.macro_2.31.0.v20230529-0659.jar;C:\Users\vmmor\.p2\pool\plugins\org.eclipse.emf.henshin.interp
Launcher Type: SUN_STANDARD

[Global flags]
     intx CICompilerCount                          = 3                                         {product} {ergonomic}
     uint ConcGCThreads                            = 2                                         {product} {ergonomic}
     uint G1ConcRefinementThreads                  = 6                                         {product} {ergonomic}
   size_t G1HeapRegionSize                         = 1048576                                   {product} {ergonomic}
    uintx GCDrainStackTargetSize                   = 64                                        {product} {ergonomic}
   size_t InitialHeapSize                          = 117440512                                 {product} {ergonomic}
   size_t MarkStackSize                            = 4194304                                   {product} {ergonomic}
   size_t MaxHeapSize                              = 1860173824                                {product} {ergonomic}
   size_t MaxNewSize                               = 1115684864                                {product} {ergonomic}
   size_t MinHeapDeltaBytes                        = 1048576                                   {product} {ergonomic}
   size_t MinHeapSize                              = 8388608                                   {product} {ergonomic}
    uintx NonNMethodCodeHeapSize                   = 5832780                                {pd product} {ergonomic}
    uintx NonProfiledCodeHeapSize                  = 122912730                              {pd product} {ergonomic}
    uintx ProfiledCodeHeapSize                     = 122912730                              {pd product} {ergonomic}
    uintx ReservedCodeCacheSize                    = 251658240                              {pd product} {ergonomic}
     bool SegmentedCodeCache                       = true                                      {product} {ergonomic}
     bool ShowCodeDetailsInExceptionMessages       = true                                   {manageable} {command line}
   size_t SoftMaxHeapSize                          = 1860173824                             {manageable} {ergonomic}
     bool UseCompressedClassPointers               = true                           {product lp64_product} {ergonomic}
     bool UseCompressedOops                        = true                           {product lp64_product} {ergonomic}
     bool UseG1GC                                  = true                                      {product} {ergonomic}
     bool UseLargePagesIndividualAllocation        = false                                  {pd product} {ergonomic}

Logging:
Log output configuration:
 #0: stdout all=warning uptime,level,tags
 #1: stderr all=off uptime,level,tags

Environment Variables:
PATH=C:/Users/vmmor/.p2/pool/plugins/org.eclipse.justj.openjdk.hotspot.jre.full.win32.x86_64_17.0.8.v20230831-1047/jre/bin/server;C:/Users/vmmor/.p2/pool/plugins/org.eclipse.justj.openjdk.hotspot.jre.full.win32.x86_64_17.0.8.v20230831-1047/jre/bin;C:\Program Files (x86)\Common Files\Oracle\Java\javapath;C:\Program Files\Common Files\Oracle\Java\javapath;C:\Windows\system32;C:\Windows;C:\Windows\System32\Wbem;C:\Windows\System32\WindowsPowerShell\v1.0\;C:\Windows\System32\OpenSSH\;C:\Program Files\Git\cmd;C:\Program Files\Java\jdk-14.0.2\bin;C:\Users\vmmor\AppData\Local\Microsoft\WindowsApps;C:\Users\vmmor\miniconda3\Scripts;;C:\Users\vmmor\OneDrive\Desktop;
USERNAME=vmmor
OS=Windows_NT
PROCESSOR_IDENTIFIER=AMD64 Family 25 Model 68 Stepping 1, AuthenticAMD
TMP=C:\Users\vmmor\AppData\Local\Temp
TEMP=C:\Users\vmmor\AppData\Local\Temp



---------------  S Y S T E M  ---------------

OS:
 Windows 10 , 64 bit Build 19041 (10.0.19041.3636)
OS uptime: 0 days 14:37 hours

CPU: total 6 (initial active 6) (6 cores per cpu, 6 threads per core) family 25 model 68 stepping 1 microcode 0x0, cx8, cmov, fxsr, ht, mmx, 3dnowpref, sse, sse2, sse3, ssse3, sse4a, sse4.1, sse4.2, popcnt, lzcnt, tsc, tscinvbit, avx, avx2, aes, clmul, vzeroupper, clflush, clflushopt, hv
Processor Information for all 6 processors :
  Max Mhz: 3194, Current Mhz: 3194, Mhz Limit: 3194

Memory: 4k page, system-wide physical 7091M (433M free)
TotalPageFile size 9369M (AvailPageFile size 2M)
current process WorkingSet (physical memory assigned to process): 320M, peak: 343M
current process commit charge ("private bytes"): 354M, peak: 376M

vm_info: OpenJDK 64-Bit Server VM (17.0.8.1+1) for windows-amd64 JRE (17.0.8.1+1), built on Aug 23 2023 15:29:17 by "admin" with MS VC++ 16.7 (VS2019)

END.
